::1 - - [05/Feb/2026 11:44:37] "GET / HTTP/1.1" 200 -
::1 - - [05/Feb/2026 11:49:42] "GET / HTTP/1.1" 200 -
::1 - - [05/Feb/2026 11:49:42] "GET /_next/static/chunks/a3f9bbc275ab209c.css HTTP/1.1" 200 -
::1 - - [05/Feb/2026 11:49:42] "GET /_next/static/chunks/bdb1963928c5fddc.css HTTP/1.1" 200 -
::1 - - [05/Feb/2026 11:49:42] "GET /_next/static/media/GeistMono_Variable.p.73882635.woff2 HTTP/1.1" 200 -
::1 - - [05/Feb/2026 11:49:42] "GET /_next/static/media/Geist_Variable-s.p.f19e4721.woff2 HTTP/1.1" 200 -
::1 - - [05/Feb/2026 11:49:42] "GET /_next/static/chunks/c7b10d2a59f98fd4.js HTTP/1.1" 200 -
::1 - - [05/Feb/2026 11:49:42] "GET /_next/static/chunks/a5e67bba9ac85b3d.js HTTP/1.1" 200 -
::1 - - [05/Feb/2026 11:49:42] "GET /_next/static/chunks/02a4af7d2bd2ca38.js HTTP/1.1" 200 -
::1 - - [05/Feb/2026 11:49:42] "GET /_next/static/chunks/e40f5e4b6d39e562.js HTTP/1.1" 200 -
::1 - - [05/Feb/2026 11:49:42] "GET /_next/static/chunks/turbopack-c563d7d690b956c1.js HTTP/1.1" 200 -
::1 - - [05/Feb/2026 11:49:42] "GET /_next/static/chunks/381f22656e9e8446.js HTTP/1.1" 200 -
::1 - - [05/Feb/2026 11:49:42] "GET /_next/static/chunks/1cebad8668825d8b.js HTTP/1.1" 200 -
::1 - - [05/Feb/2026 11:49:42] "GET /_next/static/chunks/8d3945c9ea1274d1.js HTTP/1.1" 200 -
::1 - - [05/Feb/2026 11:49:42] "GET /_next/static/chunks/dbff40c14fd046aa.js HTTP/1.1" 200 -
::1 - - [05/Feb/2026 11:49:42] "GET /_next/static/chunks/8d51be5a4bb87b2f.js HTTP/1.1" 200 -
::1 - - [05/Feb/2026 11:49:42] "GET /_next/static/chunks/ca28edaed8463754.js HTTP/1.1" 200 -
::1 - - [05/Feb/2026 11:49:42] "GET /_next/static/chunks/b056a15eec95302c.js HTTP/1.1" 200 -
::1 - - [05/Feb/2026 11:49:43] "GET /manifest.json HTTP/1.1" 200 -
::1 - - [05/Feb/2026 11:49:43] "GET /favicon.png HTTP/1.1" 200 -
::1 - - [05/Feb/2026 11:49:43] "GET /_next/static/chunks/af78c69164b49c95.js HTTP/1.1" 200 -
::1 - - [05/Feb/2026 11:49:43] "GET /_next/static/chunks/941c6a3c4042070f.js HTTP/1.1" 200 -
::1 - - [05/Feb/2026 11:49:43] "GET /_next/static/chunks/2cc297d9d889b937.js HTTP/1.1" 200 -
::1 - - [05/Feb/2026 11:49:43] "GET /_next/static/chunks/9a7908e8bb0f59b7.js HTTP/1.1" 200 -
::1 - - [05/Feb/2026 11:49:43] "GET /_next/static/chunks/63b7ce74710ea28a.js HTTP/1.1" 200 -
::1 - - [05/Feb/2026 11:49:43] "GET /icons/icon-144x144.png HTTP/1.1" 200 -
::1 - - [05/Feb/2026 11:49:43] "GET /_next/static/chunks/5795df3dd5b77c1a.js HTTP/1.1" 200 -
::1 - - [05/Feb/2026 11:51:58] "GET /_next/static/chunks/516d7ed1d27eb993.js HTTP/1.1" 200 -
::1 - - [05/Feb/2026 11:51:58] "GET /_next/static/chunks/7624174236bc4497.css HTTP/1.1" 200 -
::1 - - [05/Feb/2026 11:51:58] "GET /_next/static/chunks/c68b6eb0955c1f83.js HTTP/1.1" 200 -
::1 - - [05/Feb/2026 11:51:58] "GET /_next/static/chunks/5e6f34683e75dddc.js HTTP/1.1" 200 -
::1 - - [05/Feb/2026 11:51:58] "GET /_next/static/chunks/15aac59396339d89.js HTTP/1.1" 200 -
::1 - - [05/Feb/2026 11:51:58] "GET /_next/static/chunks/90ffb07d5d0c11b7.js HTTP/1.1" 200 -
::1 - - [05/Feb/2026 11:51:58] "GET /_next/static/chunks/2159dcf9721643d9.js HTTP/1.1" 200 -
::1 - - [05/Feb/2026 11:51:58] "GET /_next/static/chunks/9ecfbf5169958c55.js HTTP/1.1" 200 -
::1 - - [05/Feb/2026 11:51:58] "GET /_next/static/chunks/d2aed3a495df24a8.js HTTP/1.1" 200 -
::1 - - [05/Feb/2026 11:51:58] "GET /_next/static/chunks/b1944275683b7941.js HTTP/1.1" 200 -
::1 - - [05/Feb/2026 11:51:58] "GET /_next/static/chunks/9728db589fd82c5b.js HTTP/1.1" 200 -
::1 - - [05/Feb/2026 11:51:58] "GET /_next/static/chunks/9e5531af4acb8a71.js HTTP/1.1" 200 -
::1 - - [05/Feb/2026 11:51:58] "GET /_next/static/chunks/821d15ef82816d37.js HTTP/1.1" 200 -
::1 - - [05/Feb/2026 11:51:58] "GET /_next/static/chunks/2a2c81b4093eda54.js HTTP/1.1" 200 -
::1 - - [05/Feb/2026 11:51:59] "GET /_next/static/media/KaTeX_Math-Italic.d8564edb.woff2 HTTP/1.1" 200 -
::1 - - [05/Feb/2026 11:51:59] "GET /_next/static/media/KaTeX_Size1-Regular.4450ef36.woff2 HTTP/1.1" 200 -
::1 - - [05/Feb/2026 11:51:59] "GET /_next/static/media/KaTeX_Main-Regular.12644167.woff2 HTTP/1.1" 200 -
::1 - - [05/Feb/2026 11:52:03] "GET / HTTP/1.1" 304 -
::1 - - [05/Feb/2026 11:52:03] "GET /_next/static/media/GeistMono_Variable.p.73882635.woff2 HTTP/1.1" 304 -
::1 - - [05/Feb/2026 11:52:03] "GET /_next/static/chunks/a3f9bbc275ab209c.css HTTP/1.1" 304 -
::1 - - [05/Feb/2026 11:52:03] "GET /_next/static/media/Geist_Variable-s.p.f19e4721.woff2 HTTP/1.1" 304 -
::1 - - [05/Feb/2026 11:52:03] "GET /_next/static/chunks/bdb1963928c5fddc.css HTTP/1.1" 304 -
::1 - - [05/Feb/2026 11:52:04] "GET /_next/static/chunks/a5e67bba9ac85b3d.js HTTP/1.1" 304 -
::1 - - [05/Feb/2026 11:52:04] "GET /_next/static/chunks/e40f5e4b6d39e562.js HTTP/1.1" 304 -
::1 - - [05/Feb/2026 11:52:04] "GET /_next/static/chunks/b056a15eec95302c.js HTTP/1.1" 304 -
::1 - - [05/Feb/2026 11:52:04] "GET /_next/static/chunks/turbopack-c563d7d690b956c1.js HTTP/1.1" 304 -
::1 - - [05/Feb/2026 11:52:04] "GET /_next/static/chunks/c7b10d2a59f98fd4.js HTTP/1.1" 304 -
::1 - - [05/Feb/2026 11:52:04] "GET /_next/static/chunks/02a4af7d2bd2ca38.js HTTP/1.1" 304 -
::1 - - [05/Feb/2026 11:52:04] "GET /_next/static/chunks/8d3945c9ea1274d1.js HTTP/1.1" 304 -
::1 - - [05/Feb/2026 11:52:04] "GET /_next/static/chunks/8d51be5a4bb87b2f.js HTTP/1.1" 304 -
::1 - - [05/Feb/2026 11:52:04] "GET /_next/static/chunks/1cebad8668825d8b.js HTTP/1.1" 304 -
::1 - - [05/Feb/2026 11:52:04] "GET /_next/static/chunks/381f22656e9e8446.js HTTP/1.1" 304 -
::1 - - [05/Feb/2026 11:52:04] "GET /_next/static/chunks/dbff40c14fd046aa.js HTTP/1.1" 304 -
::1 - - [05/Feb/2026 11:52:04] "GET /_next/static/chunks/ca28edaed8463754.js HTTP/1.1" 304 -
::1 - - [05/Feb/2026 11:52:04] "GET /_next/static/chunks/2cc297d9d889b937.js HTTP/1.1" 304 -
::1 - - [05/Feb/2026 11:52:04] "GET /_next/static/chunks/941c6a3c4042070f.js HTTP/1.1" 304 -
::1 - - [05/Feb/2026 11:52:04] "GET /_next/static/chunks/af78c69164b49c95.js HTTP/1.1" 304 -
::1 - - [05/Feb/2026 11:52:04] "GET /_next/static/chunks/5795df3dd5b77c1a.js HTTP/1.1" 304 -
::1 - - [05/Feb/2026 11:52:04] "GET /_next/static/chunks/9a7908e8bb0f59b7.js HTTP/1.1" 304 -
::1 - - [05/Feb/2026 11:52:04] "GET /_next/static/chunks/63b7ce74710ea28a.js HTTP/1.1" 304 -
::1 - - [05/Feb/2026 15:43:23] "GET / HTTP/1.1" 200 -
::1 - - [05/Feb/2026 15:43:23] "GET /_next/static/chunks/a3f9bbc275ab209c.css HTTP/1.1" 200 -
::1 - - [05/Feb/2026 15:43:23] "GET /_next/static/media/GeistMono_Variable.p.73882635.woff2 HTTP/1.1" 200 -
::1 - - [05/Feb/2026 15:43:23] "GET /_next/static/media/Geist_Variable-s.p.f19e4721.woff2 HTTP/1.1" 200 -
::1 - - [05/Feb/2026 15:43:24] "GET /_next/static/chunks/bdb1963928c5fddc.css HTTP/1.1" 200 -
::1 - - [05/Feb/2026 15:43:24] "GET /_next/static/chunks/c7b10d2a59f98fd4.js HTTP/1.1" 200 -
::1 - - [05/Feb/2026 15:43:24] "GET /_next/static/chunks/02a4af7d2bd2ca38.js HTTP/1.1" 200 -
::1 - - [05/Feb/2026 15:43:24] "GET /_next/static/chunks/e40f5e4b6d39e562.js HTTP/1.1" 200 -
::1 - - [05/Feb/2026 15:43:24] "GET /_next/static/chunks/a5e67bba9ac85b3d.js HTTP/1.1" 200 -
::1 - - [05/Feb/2026 15:43:24] "GET /_next/static/chunks/b056a15eec95302c.js HTTP/1.1" 200 -
::1 - - [05/Feb/2026 15:43:24] "GET /_next/static/chunks/turbopack-c563d7d690b956c1.js HTTP/1.1" 200 -
::1 - - [05/Feb/2026 15:43:24] "GET /_next/static/chunks/8d3945c9ea1274d1.js HTTP/1.1" 200 -
::1 - - [05/Feb/2026 15:43:24] "GET /_next/static/chunks/1cebad8668825d8b.js HTTP/1.1" 200 -
::1 - - [05/Feb/2026 15:43:24] "GET /_next/static/chunks/8d51be5a4bb87b2f.js HTTP/1.1" 200 -
::1 - - [05/Feb/2026 15:43:24] "GET /_next/static/chunks/ca28edaed8463754.js HTTP/1.1" 200 -
::1 - - [05/Feb/2026 15:43:24] "GET /_next/static/chunks/381f22656e9e8446.js HTTP/1.1" 200 -
::1 - - [05/Feb/2026 15:43:24] "GET /_next/static/chunks/774d0afacc0feccf.js HTTP/1.1" 200 -
::1 - - [05/Feb/2026 15:43:25] "GET /_next/static/chunks/af78c69164b49c95.js HTTP/1.1" 200 -
::1 - - [05/Feb/2026 15:43:25] "GET /_next/static/chunks/9a7908e8bb0f59b7.js HTTP/1.1" 200 -
::1 - - [05/Feb/2026 15:43:25] "GET /_next/static/chunks/36071341c4a25e91.js HTTP/1.1" 200 -
::1 - - [05/Feb/2026 15:43:25] "GET /_next/static/chunks/63b7ce74710ea28a.js HTTP/1.1" 200 -
::1 - - [05/Feb/2026 15:43:25] "GET /_next/static/chunks/5795df3dd5b77c1a.js HTTP/1.1" 200 -
::1 - - [05/Feb/2026 15:43:25] "GET /_next/static/chunks/2cc297d9d889b937.js HTTP/1.1" 200 -
::1 - - [05/Feb/2026 15:43:35] "GET /_next/static/chunks/6d553c3c5e23bfe7.js HTTP/1.1" 200 -
::1 - - [05/Feb/2026 15:43:35] "GET /_next/static/chunks/c68b6eb0955c1f83.js HTTP/1.1" 200 -
::1 - - [05/Feb/2026 15:43:35] "GET /_next/static/chunks/7624174236bc4497.css HTTP/1.1" 200 -
::1 - - [05/Feb/2026 15:43:35] "GET /_next/static/chunks/5e6f34683e75dddc.js HTTP/1.1" 200 -
::1 - - [05/Feb/2026 15:43:35] "GET /_next/static/chunks/9ecfbf5169958c55.js HTTP/1.1" 200 -
::1 - - [05/Feb/2026 15:43:35] "GET /_next/static/chunks/15aac59396339d89.js HTTP/1.1" 200 -
::1 - - [05/Feb/2026 15:43:36] "GET /_next/static/chunks/2159dcf9721643d9.js HTTP/1.1" 200 -
::1 - - [05/Feb/2026 15:43:36] "GET /_next/static/chunks/90ffb07d5d0c11b7.js HTTP/1.1" 200 -
::1 - - [05/Feb/2026 15:43:36] "GET /_next/static/chunks/9e5531af4acb8a71.js HTTP/1.1" 200 -
::1 - - [05/Feb/2026 15:43:36] "GET /_next/static/chunks/b1944275683b7941.js HTTP/1.1" 200 -
::1 - - [05/Feb/2026 15:43:36] "GET /_next/static/chunks/604aecb57264ce96.js HTTP/1.1" 200 -
::1 - - [05/Feb/2026 15:43:36] "GET /_next/static/chunks/9728db589fd82c5b.js HTTP/1.1" 200 -
::1 - - [05/Feb/2026 15:43:36] "GET /_next/static/chunks/821d15ef82816d37.js HTTP/1.1" 200 -
::1 - - [05/Feb/2026 15:43:36] "GET /_next/static/chunks/2a2c81b4093eda54.js HTTP/1.1" 200 -
::1 - - [05/Feb/2026 15:43:56] "GET / HTTP/1.1" 200 -
::1 - - [05/Feb/2026 15:43:56] "GET /_next/static/media/GeistMono_Variable.p.73882635.woff2 HTTP/1.1" 200 -
::1 - - [05/Feb/2026 15:43:56] "GET /_next/static/media/Geist_Variable-s.p.f19e4721.woff2 HTTP/1.1" 200 -
::1 - - [05/Feb/2026 15:43:56] "GET /_next/static/chunks/a3f9bbc275ab209c.css HTTP/1.1" 200 -
::1 - - [05/Feb/2026 15:43:56] "GET /_next/static/chunks/bdb1963928c5fddc.css HTTP/1.1" 200 -
::1 - - [05/Feb/2026 15:43:57] "GET /_next/static/chunks/a5e67bba9ac85b3d.js HTTP/1.1" 200 -
::1 - - [05/Feb/2026 15:43:57] "GET /_next/static/chunks/e40f5e4b6d39e562.js HTTP/1.1" 200 -
::1 - - [05/Feb/2026 15:43:57] "GET /_next/static/chunks/turbopack-c563d7d690b956c1.js HTTP/1.1" 200 -
::1 - - [05/Feb/2026 15:43:57] "GET /_next/static/chunks/b056a15eec95302c.js HTTP/1.1" 200 -
::1 - - [05/Feb/2026 15:43:57] "GET /_next/static/chunks/c7b10d2a59f98fd4.js HTTP/1.1" 200 -
::1 - - [05/Feb/2026 15:43:57] "GET /_next/static/chunks/02a4af7d2bd2ca38.js HTTP/1.1" 200 -
::1 - - [05/Feb/2026 15:43:57] "GET /_next/static/chunks/8d3945c9ea1274d1.js HTTP/1.1" 200 -
::1 - - [05/Feb/2026 15:43:57] "GET /_next/static/chunks/8d51be5a4bb87b2f.js HTTP/1.1" 200 -
::1 - - [05/Feb/2026 15:43:57] "GET /_next/static/chunks/1cebad8668825d8b.js HTTP/1.1" 200 -
::1 - - [05/Feb/2026 15:43:57] "GET /_next/static/chunks/381f22656e9e8446.js HTTP/1.1" 200 -
::1 - - [05/Feb/2026 15:43:57] "GET /_next/static/chunks/774d0afacc0feccf.js HTTP/1.1" 200 -
::1 - - [05/Feb/2026 15:43:57] "GET /_next/static/chunks/ca28edaed8463754.js HTTP/1.1" 200 -
::1 - - [05/Feb/2026 15:43:57] "GET /favicon.png HTTP/1.1" 200 -
::1 - - [05/Feb/2026 15:44:21] "GET /_next/static/media/KaTeX_Math-Italic.d8564edb.woff2 HTTP/1.1" 200 -
::1 - - [05/Feb/2026 15:44:21] "GET /_next/static/media/KaTeX_Main-Regular.12644167.woff2 HTTP/1.1" 200 -
::1 - - [05/Feb/2026 15:44:41] "GET /_next/static/media/KaTeX_Size3-Regular.54b7ce9d.woff2 HTTP/1.1" 200 -
::1 - - [05/Feb/2026 15:44:41] "GET /_next/static/media/KaTeX_Size1-Regular.4450ef36.woff2 HTTP/1.1" 200 -
::1 - - [05/Feb/2026 15:44:41] "GET /_next/static/media/KaTeX_Size2-Regular.6a97527b.woff2 HTTP/1.1" 200 -
::1 - - [05/Feb/2026 17:14:03] "GET /_next/static/chunks/47eb479944dc7927.js HTTP/1.1" 200 -
::1 - - [05/Feb/2026 17:14:23] "GET / HTTP/1.1" 304 -
::1 - - [05/Feb/2026 17:14:23] "GET /_next/static/media/GeistMono_Variable.p.73882635.woff2 HTTP/1.1" 304 -
::1 - - [05/Feb/2026 17:14:23] "GET /_next/static/media/Geist_Variable-s.p.f19e4721.woff2 HTTP/1.1" 304 -
::1 - - [05/Feb/2026 17:14:23] "GET /_next/static/chunks/a3f9bbc275ab209c.css HTTP/1.1" 304 -
::1 - - [05/Feb/2026 17:14:23] "GET /_next/static/chunks/bdb1963928c5fddc.css HTTP/1.1" 304 -
::1 - - [05/Feb/2026 17:14:23] "GET /_next/static/chunks/a5e67bba9ac85b3d.js HTTP/1.1" 304 -
::1 - - [05/Feb/2026 17:14:23] "GET /_next/static/chunks/b056a15eec95302c.js HTTP/1.1" 304 -
::1 - - [05/Feb/2026 17:14:23] "GET /_next/static/chunks/turbopack-c563d7d690b956c1.js HTTP/1.1" 304 -
::1 - - [05/Feb/2026 17:14:23] "GET /_next/static/chunks/e40f5e4b6d39e562.js HTTP/1.1" 304 -
::1 - - [05/Feb/2026 17:14:23] "GET /_next/static/chunks/c7b10d2a59f98fd4.js HTTP/1.1" 304 -
::1 - - [05/Feb/2026 17:14:23] "GET /_next/static/chunks/02a4af7d2bd2ca38.js HTTP/1.1" 304 -
::1 - - [05/Feb/2026 17:14:24] "GET /_next/static/chunks/8d3945c9ea1274d1.js HTTP/1.1" 304 -
::1 - - [05/Feb/2026 17:14:24] "GET /_next/static/chunks/8d51be5a4bb87b2f.js HTTP/1.1" 304 -
::1 - - [05/Feb/2026 17:14:24] "GET /_next/static/chunks/1cebad8668825d8b.js HTTP/1.1" 304 -
::1 - - [05/Feb/2026 17:14:24] "GET /_next/static/chunks/381f22656e9e8446.js HTTP/1.1" 304 -
::1 - - [05/Feb/2026 17:14:24] "GET /_next/static/chunks/774d0afacc0feccf.js HTTP/1.1" 304 -
::1 - - [05/Feb/2026 17:14:24] "GET /_next/static/chunks/ca28edaed8463754.js HTTP/1.1" 304 -
::1 - - [05/Feb/2026 17:14:24] "GET /_next/static/chunks/af78c69164b49c95.js HTTP/1.1" 304 -
::1 - - [05/Feb/2026 17:14:24] "GET /_next/static/chunks/36071341c4a25e91.js HTTP/1.1" 304 -
::1 - - [05/Feb/2026 17:14:24] "GET /_next/static/chunks/9a7908e8bb0f59b7.js HTTP/1.1" 304 -
::1 - - [05/Feb/2026 17:14:24] "GET /_next/static/chunks/5795df3dd5b77c1a.js HTTP/1.1" 304 -
::1 - - [05/Feb/2026 17:14:24] "GET /_next/static/chunks/63b7ce74710ea28a.js HTTP/1.1" 304 -
::1 - - [05/Feb/2026 17:14:28] "GET /_next/static/chunks/2cc297d9d889b937.js HTTP/1.1" 304 -
::1 - - [05/Feb/2026 17:14:57] "GET / HTTP/1.1" 304 -
::1 - - [05/Feb/2026 17:15:04] "GET /_next/static/chunks/6d553c3c5e23bfe7.js HTTP/1.1" 304 -
::1 - - [05/Feb/2026 17:15:04] "GET /_next/static/chunks/5e6f34683e75dddc.js HTTP/1.1" 304 -
::1 - - [05/Feb/2026 17:15:04] "GET /_next/static/chunks/c68b6eb0955c1f83.js HTTP/1.1" 304 -
::1 - - [05/Feb/2026 17:15:04] "GET /_next/static/chunks/9ecfbf5169958c55.js HTTP/1.1" 304 -
::1 - - [05/Feb/2026 17:15:04] "GET /_next/static/chunks/7624174236bc4497.css HTTP/1.1" 304 -
::1 - - [05/Feb/2026 17:15:04] "GET /_next/static/chunks/15aac59396339d89.js HTTP/1.1" 304 -
::1 - - [05/Feb/2026 17:15:04] "GET /_next/static/chunks/2159dcf9721643d9.js HTTP/1.1" 304 -
::1 - - [05/Feb/2026 17:15:04] "GET /_next/static/chunks/90ffb07d5d0c11b7.js HTTP/1.1" 304 -
::1 - - [05/Feb/2026 17:15:04] "GET /_next/static/chunks/821d15ef82816d37.js HTTP/1.1" 304 -
::1 - - [05/Feb/2026 17:15:04] "GET /_next/static/chunks/b1944275683b7941.js HTTP/1.1" 304 -
::1 - - [05/Feb/2026 17:15:04] "GET /_next/static/chunks/604aecb57264ce96.js HTTP/1.1" 304 -
::1 - - [05/Feb/2026 17:15:04] "GET /_next/static/chunks/9e5531af4acb8a71.js HTTP/1.1" 304 -
::1 - - [05/Feb/2026 17:15:04] "GET /_next/static/chunks/9728db589fd82c5b.js HTTP/1.1" 304 -
::1 - - [05/Feb/2026 17:15:04] "GET /_next/static/chunks/2a2c81b4093eda54.js HTTP/1.1" 304 -
::1 - - [05/Feb/2026 18:36:56] code 404, message File not found
::1 - - [05/Feb/2026 18:36:56] "GET /_next/static/chunks/36071341c4a25e91.js HTTP/1.1" 404 -
::1 - - [05/Feb/2026 18:36:56] "GET /_next/static/chunks/af78c69164b49c95.js HTTP/1.1" 200 -
::1 - - [05/Feb/2026 18:36:56] "GET /_next/static/chunks/9a7908e8bb0f59b7.js HTTP/1.1" 200 -
::1 - - [05/Feb/2026 18:36:56] "GET /_next/static/chunks/2cc297d9d889b937.js HTTP/1.1" 200 -
::1 - - [05/Feb/2026 18:36:56] "GET /_next/static/chunks/63b7ce74710ea28a.js HTTP/1.1" 200 -
::1 - - [05/Feb/2026 18:36:56] "GET /_next/static/chunks/5795df3dd5b77c1a.js HTTP/1.1" 200 -
::1 - - [05/Feb/2026 18:37:51] "GET / HTTP/1.1" 200 -
::1 - - [05/Feb/2026 18:37:51] "GET /_next/static/chunks/a3f9bbc275ab209c.css HTTP/1.1" 200 -
::1 - - [05/Feb/2026 18:37:51] "GET /_next/static/chunks/bdb1963928c5fddc.css HTTP/1.1" 200 -
::1 - - [05/Feb/2026 18:37:51] "GET /_next/static/media/Geist_Variable-s.p.f19e4721.woff2 HTTP/1.1" 200 -
::1 - - [05/Feb/2026 18:37:51] "GET /_next/static/media/GeistMono_Variable.p.73882635.woff2 HTTP/1.1" 200 -
::1 - - [05/Feb/2026 18:37:51] "GET /_next/static/chunks/c7b10d2a59f98fd4.js HTTP/1.1" 200 -
::1 - - [05/Feb/2026 18:37:51] "GET /_next/static/chunks/02a4af7d2bd2ca38.js HTTP/1.1" 200 -
::1 - - [05/Feb/2026 18:37:51] "GET /_next/static/chunks/e40f5e4b6d39e562.js HTTP/1.1" 200 -
::1 - - [05/Feb/2026 18:37:51] "GET /_next/static/chunks/turbopack-c563d7d690b956c1.js HTTP/1.1" 200 -
::1 - - [05/Feb/2026 18:37:51] "GET /_next/static/chunks/a5e67bba9ac85b3d.js HTTP/1.1" 200 -
::1 - - [05/Feb/2026 18:37:51] "GET /_next/static/chunks/381f22656e9e8446.js HTTP/1.1" 200 -
::1 - - [05/Feb/2026 18:37:51] "GET /_next/static/chunks/1cebad8668825d8b.js HTTP/1.1" 200 -
::1 - - [05/Feb/2026 18:37:51] "GET /_next/static/chunks/bf08082158b701c0.js HTTP/1.1" 200 -
::1 - - [05/Feb/2026 18:37:51] "GET /_next/static/chunks/8d3945c9ea1274d1.js HTTP/1.1" 200 -
::1 - - [05/Feb/2026 18:37:51] "GET /_next/static/chunks/8d51be5a4bb87b2f.js HTTP/1.1" 200 -
::1 - - [05/Feb/2026 18:37:52] "GET /_next/static/chunks/8e70a629e4c96314.js HTTP/1.1" 200 -
::1 - - [05/Feb/2026 18:37:52] "GET /_next/static/chunks/b056a15eec95302c.js HTTP/1.1" 200 -
::1 - - [05/Feb/2026 18:37:52] "GET /_next/static/chunks/ca15243e7f6d42ce.js HTTP/1.1" 200 -
::1 - - [05/Feb/2026 18:37:57] "GET / HTTP/1.1" 200 -
::1 - - [05/Feb/2026 18:37:57] "GET /_next/static/media/GeistMono_Variable.p.73882635.woff2 HTTP/1.1" 200 -
::1 - - [05/Feb/2026 18:37:57] "GET /_next/static/media/Geist_Variable-s.p.f19e4721.woff2 HTTP/1.1" 200 -
::1 - - [05/Feb/2026 18:37:57] "GET /_next/static/chunks/a3f9bbc275ab209c.css HTTP/1.1" 200 -
::1 - - [05/Feb/2026 18:37:57] "GET /_next/static/chunks/bdb1963928c5fddc.css HTTP/1.1" 200 -
::1 - - [05/Feb/2026 18:37:57] "GET /_next/static/chunks/a5e67bba9ac85b3d.js HTTP/1.1" 200 -
::1 - - [05/Feb/2026 18:37:57] "GET /_next/static/chunks/e40f5e4b6d39e562.js HTTP/1.1" 200 -
::1 - - [05/Feb/2026 18:37:57] "GET /_next/static/chunks/b056a15eec95302c.js HTTP/1.1" 200 -
::1 - - [05/Feb/2026 18:37:57] "GET /_next/static/chunks/turbopack-c563d7d690b956c1.js HTTP/1.1" 200 -
::1 - - [05/Feb/2026 18:37:57] "GET /_next/static/chunks/c7b10d2a59f98fd4.js HTTP/1.1" 200 -
::1 - - [05/Feb/2026 18:37:57] "GET /_next/static/chunks/02a4af7d2bd2ca38.js HTTP/1.1" 200 -
::1 - - [05/Feb/2026 18:37:57] "GET /_next/static/chunks/8d3945c9ea1274d1.js HTTP/1.1" 200 -
::1 - - [05/Feb/2026 18:37:57] "GET /_next/static/chunks/8d51be5a4bb87b2f.js HTTP/1.1" 200 -
::1 - - [05/Feb/2026 18:37:57] "GET /_next/static/chunks/1cebad8668825d8b.js HTTP/1.1" 200 -
::1 - - [05/Feb/2026 18:37:57] "GET /_next/static/chunks/381f22656e9e8446.js HTTP/1.1" 200 -
::1 - - [05/Feb/2026 18:37:57] "GET /_next/static/chunks/bf08082158b701c0.js HTTP/1.1" 200 -
::1 - - [05/Feb/2026 18:37:57] "GET /_next/static/chunks/8e70a629e4c96314.js HTTP/1.1" 200 -
::1 - - [05/Feb/2026 18:37:57] "GET /favicon.png HTTP/1.1" 200 -
::1 - - [05/Feb/2026 18:38:05] "GET / HTTP/1.1" 304 -
::1 - - [05/Feb/2026 18:38:12] "GET / HTTP/1.1" 200 -
::1 - - [05/Feb/2026 18:38:12] "GET /_next/static/media/GeistMono_Variable.p.73882635.woff2 HTTP/1.1" 200 -
::1 - - [05/Feb/2026 18:38:12] "GET /_next/static/chunks/a3f9bbc275ab209c.css HTTP/1.1" 200 -
::1 - - [05/Feb/2026 18:38:12] "GET /_next/static/chunks/bdb1963928c5fddc.css HTTP/1.1" 200 -
::1 - - [05/Feb/2026 18:38:12] "GET /_next/static/media/Geist_Variable-s.p.f19e4721.woff2 HTTP/1.1" 200 -
::1 - - [05/Feb/2026 18:38:13] "GET /_next/static/chunks/a5e67bba9ac85b3d.js HTTP/1.1" 200 -
::1 - - [05/Feb/2026 18:38:13] "GET /_next/static/chunks/e40f5e4b6d39e562.js HTTP/1.1" 200 -
::1 - - [05/Feb/2026 18:38:13] "GET /_next/static/chunks/b056a15eec95302c.js HTTP/1.1" 200 -
::1 - - [05/Feb/2026 18:38:13] "GET /_next/static/chunks/turbopack-c563d7d690b956c1.js HTTP/1.1" 200 -
::1 - - [05/Feb/2026 18:38:13] "GET /_next/static/chunks/c7b10d2a59f98fd4.js HTTP/1.1" 200 -
::1 - - [05/Feb/2026 18:38:13] "GET /_next/static/chunks/02a4af7d2bd2ca38.js HTTP/1.1" 200 -
::1 - - [05/Feb/2026 18:38:13] "GET /_next/static/chunks/8d3945c9ea1274d1.js HTTP/1.1" 200 -
::1 - - [05/Feb/2026 18:38:13] "GET /_next/static/chunks/8d51be5a4bb87b2f.js HTTP/1.1" 200 -
::1 - - [05/Feb/2026 18:38:13] "GET /_next/static/chunks/1cebad8668825d8b.js HTTP/1.1" 200 -
::1 - - [05/Feb/2026 18:38:13] "GET /_next/static/chunks/381f22656e9e8446.js HTTP/1.1" 200 -
::1 - - [05/Feb/2026 18:38:13] "GET /_next/static/chunks/bf08082158b701c0.js HTTP/1.1" 200 -
::1 - - [05/Feb/2026 18:38:13] "GET /_next/static/chunks/8e70a629e4c96314.js HTTP/1.1" 200 -
::1 - - [05/Feb/2026 18:38:13] "GET /favicon.png HTTP/1.1" 200 -
::1 - - [05/Feb/2026 18:38:13] "GET /_next/static/chunks/2cc297d9d889b937.js HTTP/1.1" 200 -
::1 - - [05/Feb/2026 18:38:13] "GET /_next/static/chunks/af78c69164b49c95.js HTTP/1.1" 200 -
::1 - - [05/Feb/2026 18:38:13] "GET /_next/static/chunks/ca15243e7f6d42ce.js HTTP/1.1" 200 -
::1 - - [05/Feb/2026 18:38:13] "GET /_next/static/chunks/5795df3dd5b77c1a.js HTTP/1.1" 200 -
::1 - - [05/Feb/2026 18:38:13] "GET /manifest.json HTTP/1.1" 200 -
::1 - - [05/Feb/2026 18:38:13] "GET /_next/static/chunks/63b7ce74710ea28a.js HTTP/1.1" 200 -
::1 - - [05/Feb/2026 18:38:13] "GET /_next/static/chunks/9a7908e8bb0f59b7.js HTTP/1.1" 200 -
::1 - - [05/Feb/2026 18:38:13] "GET /icons/icon-144x144.png HTTP/1.1" 200 -
::1 - - [05/Feb/2026 18:38:32] "GET /_next/static/chunks/6d553c3c5e23bfe7.js HTTP/1.1" 200 -
::1 - - [05/Feb/2026 18:38:32] "GET /_next/static/chunks/c68b6eb0955c1f83.js HTTP/1.1" 200 -
::1 - - [05/Feb/2026 18:38:32] "GET /_next/static/chunks/7624174236bc4497.css HTTP/1.1" 200 -
::1 - - [05/Feb/2026 18:38:32] "GET /_next/static/chunks/5e6f34683e75dddc.js HTTP/1.1" 200 -
::1 - - [05/Feb/2026 18:38:32] "GET /_next/static/chunks/15aac59396339d89.js HTTP/1.1" 200 -
::1 - - [05/Feb/2026 18:38:32] "GET /_next/static/chunks/2159dcf9721643d9.js HTTP/1.1" 200 -
::1 - - [05/Feb/2026 18:38:32] "GET /_next/static/chunks/9ecfbf5169958c55.js HTTP/1.1" 200 -
::1 - - [05/Feb/2026 18:38:32] "GET /_next/static/chunks/b1944275683b7941.js HTTP/1.1" 200 -
::1 - - [05/Feb/2026 18:38:32] "GET /_next/static/chunks/9728db589fd82c5b.js HTTP/1.1" 200 -
::1 - - [05/Feb/2026 18:38:32] "GET /_next/static/chunks/90ffb07d5d0c11b7.js HTTP/1.1" 200 -
::1 - - [05/Feb/2026 18:38:32] "GET /_next/static/chunks/9e5531af4acb8a71.js HTTP/1.1" 200 -
::1 - - [05/Feb/2026 18:38:32] "GET /_next/static/chunks/604aecb57264ce96.js HTTP/1.1" 200 -
::1 - - [05/Feb/2026 18:38:32] "GET /_next/static/chunks/821d15ef82816d37.js HTTP/1.1" 200 -
::1 - - [05/Feb/2026 18:38:32] "GET /_next/static/chunks/2a2c81b4093eda54.js HTTP/1.1" 200 -
::1 - - [05/Feb/2026 18:38:32] "GET /_next/static/media/KaTeX_Main-Regular.12644167.woff2 HTTP/1.1" 200 -
::1 - - [05/Feb/2026 18:38:32] "GET /_next/static/media/KaTeX_Size1-Regular.4450ef36.woff2 HTTP/1.1" 200 -
::1 - - [05/Feb/2026 18:38:32] "GET /_next/static/media/KaTeX_Math-Italic.d8564edb.woff2 HTTP/1.1" 200 -
::1 - - [05/Feb/2026 18:38:34] "GET /_next/static/chunks/eff829bbc20fbf3e.css HTTP/1.1" 200 -
::1 - - [05/Feb/2026 18:38:34] "GET /_next/static/chunks/c7e3d29dbfd5f8dd.js HTTP/1.1" 200 -
::1 - - [05/Feb/2026 18:38:35] "GET /_next/static/chunks/bcaf60ef85114b3c.js HTTP/1.1" 200 -
::1 - - [05/Feb/2026 18:38:35] "GET /_next/static/chunks/bc292c8a2aa98413.js HTTP/1.1" 200 -
::1 - - [05/Feb/2026 18:38:38] "GET /_next/static/chunks/979701ebf7be6eec.js HTTP/1.1" 200 -
::1 - - [05/Feb/2026 18:38:39] "GET / HTTP/1.1" 304 -
::1 - - [05/Feb/2026 18:43:24] "GET / HTTP/1.1" 200 -
::1 - - [05/Feb/2026 18:43:24] "GET /_next/static/chunks/bdb1963928c5fddc.css HTTP/1.1" 200 -
::1 - - [05/Feb/2026 18:43:24] "GET /_next/static/chunks/a3f9bbc275ab209c.css HTTP/1.1" 200 -
::1 - - [05/Feb/2026 18:43:24] "GET /_next/static/media/GeistMono_Variable.p.73882635.woff2 HTTP/1.1" 200 -
::1 - - [05/Feb/2026 18:43:24] "GET /_next/static/media/Geist_Variable-s.p.f19e4721.woff2 HTTP/1.1" 200 -
::1 - - [05/Feb/2026 18:43:24] "GET /_next/static/chunks/c7b10d2a59f98fd4.js HTTP/1.1" 200 -
::1 - - [05/Feb/2026 18:43:24] "GET /_next/static/chunks/a5e67bba9ac85b3d.js HTTP/1.1" 200 -
::1 - - [05/Feb/2026 18:43:24] "GET /_next/static/chunks/e40f5e4b6d39e562.js HTTP/1.1" 200 -
::1 - - [05/Feb/2026 18:43:24] "GET /_next/static/chunks/turbopack-c563d7d690b956c1.js HTTP/1.1" 200 -
::1 - - [05/Feb/2026 18:43:24] "GET /_next/static/chunks/02a4af7d2bd2ca38.js HTTP/1.1" 200 -
::1 - - [05/Feb/2026 18:43:24] "GET /_next/static/chunks/381f22656e9e8446.js HTTP/1.1" 200 -
::1 - - [05/Feb/2026 18:43:24] "GET /_next/static/chunks/1cebad8668825d8b.js HTTP/1.1" 200 -
::1 - - [05/Feb/2026 18:43:24] "GET /_next/static/chunks/8d3945c9ea1274d1.js HTTP/1.1" 200 -
::1 - - [05/Feb/2026 18:43:24] "GET /_next/static/chunks/8d51be5a4bb87b2f.js HTTP/1.1" 200 -
::1 - - [05/Feb/2026 18:43:24] "GET /_next/static/chunks/289e78cd864a94fa.js HTTP/1.1" 200 -
::1 - - [05/Feb/2026 18:43:24] "GET /_next/static/chunks/b056a15eec95302c.js HTTP/1.1" 200 -
::1 - - [05/Feb/2026 18:43:24] "GET /_next/static/chunks/8e70a629e4c96314.js HTTP/1.1" 200 -
::1 - - [05/Feb/2026 18:43:25] "GET /favicon.png HTTP/1.1" 200 -
::1 - - [05/Feb/2026 18:43:27] "GET / HTTP/1.1" 304 -
::1 - - [05/Feb/2026 18:44:30] "GET / HTTP/1.1" 304 -
::1 - - [05/Feb/2026 18:44:30] "GET /_next/static/chunks/a3f9bbc275ab209c.css HTTP/1.1" 304 -
::1 - - [05/Feb/2026 18:44:30] "GET /_next/static/media/GeistMono_Variable.p.73882635.woff2 HTTP/1.1" 304 -
::1 - - [05/Feb/2026 18:44:30] "GET /_next/static/chunks/bdb1963928c5fddc.css HTTP/1.1" 304 -
::1 - - [05/Feb/2026 18:44:30] "GET /_next/static/media/Geist_Variable-s.p.f19e4721.woff2 HTTP/1.1" 304 -
::1 - - [05/Feb/2026 18:44:30] "GET /_next/static/chunks/a5e67bba9ac85b3d.js HTTP/1.1" 304 -
::1 - - [05/Feb/2026 18:44:30] "GET /_next/static/chunks/e40f5e4b6d39e562.js HTTP/1.1" 304 -
::1 - - [05/Feb/2026 18:44:30] "GET /_next/static/chunks/b056a15eec95302c.js HTTP/1.1" 304 -
::1 - - [05/Feb/2026 18:44:30] "GET /_next/static/chunks/turbopack-c563d7d690b956c1.js HTTP/1.1" 304 -
::1 - - [05/Feb/2026 18:44:30] "GET /_next/static/chunks/c7b10d2a59f98fd4.js HTTP/1.1" 304 -
::1 - - [05/Feb/2026 18:44:30] "GET /_next/static/chunks/02a4af7d2bd2ca38.js HTTP/1.1" 304 -
::1 - - [05/Feb/2026 18:44:30] "GET /_next/static/chunks/8d3945c9ea1274d1.js HTTP/1.1" 304 -
::1 - - [05/Feb/2026 18:44:30] "GET /_next/static/chunks/8d51be5a4bb87b2f.js HTTP/1.1" 304 -
::1 - - [05/Feb/2026 18:44:30] "GET /_next/static/chunks/1cebad8668825d8b.js HTTP/1.1" 304 -
::1 - - [05/Feb/2026 18:44:30] "GET /_next/static/chunks/381f22656e9e8446.js HTTP/1.1" 304 -
::1 - - [05/Feb/2026 18:44:30] "GET /_next/static/chunks/289e78cd864a94fa.js HTTP/1.1" 304 -
::1 - - [05/Feb/2026 18:44:30] "GET /_next/static/chunks/8e70a629e4c96314.js HTTP/1.1" 304 -
::1 - - [05/Feb/2026 18:44:35] "GET / HTTP/1.1" 304 -
::ffff:127.0.0.1 - - [05/Feb/2026 18:44:38] "GET / HTTP/1.1" 200 -
::1 - - [05/Feb/2026 18:44:43] "GET / HTTP/1.1" 304 -
::1 - - [05/Feb/2026 20:28:26] "GET / HTTP/1.1" 200 -
::1 - - [05/Feb/2026 20:28:26] "GET /_next/static/media/GeistMono_Variable.p.73882635.woff2 HTTP/1.1" 200 -
::1 - - [05/Feb/2026 20:28:26] "GET /_next/static/chunks/a3f9bbc275ab209c.css HTTP/1.1" 200 -
::1 - - [05/Feb/2026 20:28:26] "GET /_next/static/chunks/bdb1963928c5fddc.css HTTP/1.1" 200 -
::1 - - [05/Feb/2026 20:28:26] "GET /_next/static/media/Geist_Variable-s.p.f19e4721.woff2 HTTP/1.1" 200 -
::1 - - [05/Feb/2026 20:28:27] "GET /_next/static/chunks/e40f5e4b6d39e562.js HTTP/1.1" 200 -
::1 - - [05/Feb/2026 20:28:27] "GET /_next/static/chunks/a5e67bba9ac85b3d.js HTTP/1.1" 200 -
::1 - - [05/Feb/2026 20:28:27] "GET /_next/static/chunks/02a4af7d2bd2ca38.js HTTP/1.1" 200 -
::1 - - [05/Feb/2026 20:28:27] "GET /_next/static/chunks/c7b10d2a59f98fd4.js HTTP/1.1" 200 -
::1 - - [05/Feb/2026 20:28:27] "GET /_next/static/chunks/381f22656e9e8446.js HTTP/1.1" 200 -
::1 - - [05/Feb/2026 20:28:27] "GET /_next/static/chunks/b056a15eec95302c.js HTTP/1.1" 200 -
::1 - - [05/Feb/2026 20:28:27] "GET /_next/static/chunks/turbopack-c563d7d690b956c1.js HTTP/1.1" 200 -
::1 - - [05/Feb/2026 20:28:27] "GET /_next/static/chunks/1cebad8668825d8b.js HTTP/1.1" 200 -
::1 - - [05/Feb/2026 20:28:27] "GET /_next/static/chunks/8d3945c9ea1274d1.js HTTP/1.1" 200 -
::1 - - [05/Feb/2026 20:28:27] "GET /_next/static/chunks/8d51be5a4bb87b2f.js HTTP/1.1" 200 -
::1 - - [05/Feb/2026 20:28:27] "GET /_next/static/chunks/c50a2e2168f50922.js HTTP/1.1" 200 -
::1 - - [05/Feb/2026 20:28:27] "GET /_next/static/chunks/8e70a629e4c96314.js HTTP/1.1" 200 -
::1 - - [05/Feb/2026 20:28:27] "GET /_next/static/chunks/63b7ce74710ea28a.js HTTP/1.1" 200 -
::1 - - [05/Feb/2026 20:28:27] "GET /_next/static/chunks/af78c69164b49c95.js HTTP/1.1" 200 -
::1 - - [05/Feb/2026 20:28:27] "GET /_next/static/chunks/9a7908e8bb0f59b7.js HTTP/1.1" 200 -
::1 - - [05/Feb/2026 20:28:27] "GET /_next/static/chunks/ca15243e7f6d42ce.js HTTP/1.1" 200 -
::1 - - [05/Feb/2026 20:28:27] "GET /_next/static/chunks/2cc297d9d889b937.js HTTP/1.1" 200 -
::1 - - [05/Feb/2026 20:28:27] "GET /_next/static/chunks/5795df3dd5b77c1a.js HTTP/1.1" 200 -
::1 - - [05/Feb/2026 20:28:28] "GET / HTTP/1.1" 304 -
::1 - - [05/Feb/2026 20:28:29] "GET / HTTP/1.1" 304 -
::1 - - [05/Feb/2026 20:28:29] "GET / HTTP/1.1" 304 -
::1 - - [05/Feb/2026 20:28:29] "GET / HTTP/1.1" 304 -
::1 - - [05/Feb/2026 20:28:29] "GET / HTTP/1.1" 304 -
::1 - - [05/Feb/2026 20:28:29] "GET / HTTP/1.1" 304 -
::1 - - [05/Feb/2026 20:28:30] "GET / HTTP/1.1" 304 -
::1 - - [05/Feb/2026 20:28:31] "GET / HTTP/1.1" 200 -
::1 - - [05/Feb/2026 20:28:31] "GET /_next/static/media/GeistMono_Variable.p.73882635.woff2 HTTP/1.1" 200 -
::1 - - [05/Feb/2026 20:28:31] "GET /_next/static/chunks/a3f9bbc275ab209c.css HTTP/1.1" 200 -
::1 - - [05/Feb/2026 20:28:31] "GET /_next/static/chunks/bdb1963928c5fddc.css HTTP/1.1" 200 -
::1 - - [05/Feb/2026 20:28:31] "GET /_next/static/media/Geist_Variable-s.p.f19e4721.woff2 HTTP/1.1" 200 -
::1 - - [05/Feb/2026 20:28:31] "GET /_next/static/chunks/a5e67bba9ac85b3d.js HTTP/1.1" 200 -
::1 - - [05/Feb/2026 20:28:31] "GET /_next/static/chunks/e40f5e4b6d39e562.js HTTP/1.1" 200 -
::1 - - [05/Feb/2026 20:28:31] "GET /_next/static/chunks/b056a15eec95302c.js HTTP/1.1" 200 -
::1 - - [05/Feb/2026 20:28:31] "GET /_next/static/chunks/turbopack-c563d7d690b956c1.js HTTP/1.1" 200 -
::1 - - [05/Feb/2026 20:28:31] "GET /_next/static/chunks/c7b10d2a59f98fd4.js HTTP/1.1" 200 -
::1 - - [05/Feb/2026 20:28:31] "GET /_next/static/chunks/02a4af7d2bd2ca38.js HTTP/1.1" 200 -
::1 - - [05/Feb/2026 20:28:31] "GET /_next/static/chunks/8d3945c9ea1274d1.js HTTP/1.1" 200 -
::1 - - [05/Feb/2026 20:28:31] "GET /_next/static/chunks/8d51be5a4bb87b2f.js HTTP/1.1" 200 -
::1 - - [05/Feb/2026 20:28:31] "GET /_next/static/chunks/1cebad8668825d8b.js HTTP/1.1" 200 -
::1 - - [05/Feb/2026 20:28:31] "GET /_next/static/chunks/381f22656e9e8446.js HTTP/1.1" 200 -
::1 - - [05/Feb/2026 20:28:31] "GET /_next/static/chunks/c50a2e2168f50922.js HTTP/1.1" 200 -
::1 - - [05/Feb/2026 20:28:31] "GET /_next/static/chunks/8e70a629e4c96314.js HTTP/1.1" 200 -
::1 - - [05/Feb/2026 20:28:31] "GET /favicon.png HTTP/1.1" 200 -
::1 - - [05/Feb/2026 20:28:33] "GET / HTTP/1.1" 200 -
::1 - - [05/Feb/2026 20:28:33] "GET /_next/static/media/GeistMono_Variable.p.73882635.woff2 HTTP/1.1" 200 -
::1 - - [05/Feb/2026 20:28:33] "GET /_next/static/chunks/a3f9bbc275ab209c.css HTTP/1.1" 200 -
::1 - - [05/Feb/2026 20:28:33] "GET /_next/static/chunks/bdb1963928c5fddc.css HTTP/1.1" 200 -
::1 - - [05/Feb/2026 20:28:33] "GET /_next/static/media/Geist_Variable-s.p.f19e4721.woff2 HTTP/1.1" 200 -
::1 - - [05/Feb/2026 20:28:33] "GET /_next/static/chunks/b056a15eec95302c.js HTTP/1.1" 200 -
::1 - - [05/Feb/2026 20:28:33] "GET /_next/static/chunks/a5e67bba9ac85b3d.js HTTP/1.1" 200 -
::1 - - [05/Feb/2026 20:28:33] "GET /_next/static/chunks/e40f5e4b6d39e562.js HTTP/1.1" 200 -
::1 - - [05/Feb/2026 20:28:33] "GET /_next/static/chunks/turbopack-c563d7d690b956c1.js HTTP/1.1" 200 -
::1 - - [05/Feb/2026 20:28:33] "GET /_next/static/chunks/c7b10d2a59f98fd4.js HTTP/1.1" 200 -
::1 - - [05/Feb/2026 20:28:33] "GET /_next/static/chunks/02a4af7d2bd2ca38.js HTTP/1.1" 200 -
::1 - - [05/Feb/2026 20:28:33] "GET /_next/static/chunks/8d3945c9ea1274d1.js HTTP/1.1" 200 -
::1 - - [05/Feb/2026 20:28:33] "GET /_next/static/chunks/8d51be5a4bb87b2f.js HTTP/1.1" 200 -
::1 - - [05/Feb/2026 20:28:33] "GET /_next/static/chunks/1cebad8668825d8b.js HTTP/1.1" 200 -
::1 - - [05/Feb/2026 20:28:33] "GET /_next/static/chunks/381f22656e9e8446.js HTTP/1.1" 200 -
::1 - - [05/Feb/2026 20:28:33] "GET /_next/static/chunks/c50a2e2168f50922.js HTTP/1.1" 200 -
::1 - - [05/Feb/2026 20:28:33] "GET /_next/static/chunks/8e70a629e4c96314.js HTTP/1.1" 200 -
::1 - - [05/Feb/2026 20:28:33] "GET /favicon.png HTTP/1.1" 200 -
::1 - - [05/Feb/2026 20:28:45] "GET / HTTP/1.1" 200 -
::1 - - [05/Feb/2026 20:28:45] "GET /_next/static/media/Geist_Variable-s.p.f19e4721.woff2 HTTP/1.1" 200 -
::1 - - [05/Feb/2026 20:28:45] "GET /_next/static/media/GeistMono_Variable.p.73882635.woff2 HTTP/1.1" 200 -
::1 - - [05/Feb/2026 20:28:45] "GET /_next/static/chunks/a3f9bbc275ab209c.css HTTP/1.1" 200 -
::1 - - [05/Feb/2026 20:28:45] "GET /_next/static/chunks/bdb1963928c5fddc.css HTTP/1.1" 200 -
::1 - - [05/Feb/2026 20:28:45] "GET /_next/static/chunks/turbopack-c563d7d690b956c1.js HTTP/1.1" 200 -
::1 - - [05/Feb/2026 20:28:45] "GET /_next/static/chunks/c7b10d2a59f98fd4.js HTTP/1.1" 200 -
::1 - - [05/Feb/2026 20:28:45] "GET /_next/static/chunks/a5e67bba9ac85b3d.js HTTP/1.1" 200 -
::1 - - [05/Feb/2026 20:28:45] "GET /_next/static/chunks/e40f5e4b6d39e562.js HTTP/1.1" 200 -
::1 - - [05/Feb/2026 20:28:45] "GET /_next/static/chunks/02a4af7d2bd2ca38.js HTTP/1.1" 200 -
::1 - - [05/Feb/2026 20:28:45] "GET /_next/static/chunks/b056a15eec95302c.js HTTP/1.1" 200 -
::1 - - [05/Feb/2026 20:28:45] "GET /_next/static/chunks/8d3945c9ea1274d1.js HTTP/1.1" 200 -
::1 - - [05/Feb/2026 20:28:45] "GET /_next/static/chunks/8d51be5a4bb87b2f.js HTTP/1.1" 200 -
::1 - - [05/Feb/2026 20:28:45] "GET /_next/static/chunks/1cebad8668825d8b.js HTTP/1.1" 200 -
::1 - - [05/Feb/2026 20:28:45] "GET /_next/static/chunks/381f22656e9e8446.js HTTP/1.1" 200 -
::1 - - [05/Feb/2026 20:28:45] "GET /_next/static/chunks/c50a2e2168f50922.js HTTP/1.1" 200 -
::1 - - [05/Feb/2026 20:28:45] "GET /_next/static/chunks/8e70a629e4c96314.js HTTP/1.1" 200 -
::1 - - [05/Feb/2026 20:28:46] "GET /_next/static/chunks/2cc297d9d889b937.js HTTP/1.1" 200 -
::1 - - [05/Feb/2026 20:28:46] "GET /_next/static/chunks/ca15243e7f6d42ce.js HTTP/1.1" 200 -
::1 - - [05/Feb/2026 20:28:46] "GET /_next/static/chunks/9a7908e8bb0f59b7.js HTTP/1.1" 200 -
::1 - - [05/Feb/2026 20:28:46] "GET /_next/static/chunks/5795df3dd5b77c1a.js HTTP/1.1" 200 -
::1 - - [05/Feb/2026 20:28:46] "GET /_next/static/chunks/af78c69164b49c95.js HTTP/1.1" 200 -
::1 - - [05/Feb/2026 20:28:46] "GET /_next/static/chunks/63b7ce74710ea28a.js HTTP/1.1" 200 -
::1 - - [05/Feb/2026 20:28:47] "GET / HTTP/1.1" 200 -
::1 - - [05/Feb/2026 20:28:47] "GET /_next/static/media/GeistMono_Variable.p.73882635.woff2 HTTP/1.1" 200 -
::1 - - [05/Feb/2026 20:28:47] "GET /_next/static/chunks/a3f9bbc275ab209c.css HTTP/1.1" 200 -
::1 - - [05/Feb/2026 20:28:47] "GET /_next/static/chunks/bdb1963928c5fddc.css HTTP/1.1" 200 -
::1 - - [05/Feb/2026 20:28:47] "GET /_next/static/media/Geist_Variable-s.p.f19e4721.woff2 HTTP/1.1" 200 -
::1 - - [05/Feb/2026 20:28:47] "GET /_next/static/chunks/a5e67bba9ac85b3d.js HTTP/1.1" 200 -
::1 - - [05/Feb/2026 20:28:47] "GET /_next/static/chunks/e40f5e4b6d39e562.js HTTP/1.1" 200 -
::1 - - [05/Feb/2026 20:28:47] "GET /_next/static/chunks/b056a15eec95302c.js HTTP/1.1" 200 -
::1 - - [05/Feb/2026 20:28:47] "GET /_next/static/chunks/turbopack-c563d7d690b956c1.js HTTP/1.1" 200 -
::1 - - [05/Feb/2026 20:28:47] "GET /_next/static/chunks/c7b10d2a59f98fd4.js HTTP/1.1" 200 -
::1 - - [05/Feb/2026 20:28:47] "GET /_next/static/chunks/02a4af7d2bd2ca38.js HTTP/1.1" 200 -
::1 - - [05/Feb/2026 20:28:47] "GET /_next/static/chunks/8d3945c9ea1274d1.js HTTP/1.1" 200 -
::1 - - [05/Feb/2026 20:28:47] "GET /_next/static/chunks/8d51be5a4bb87b2f.js HTTP/1.1" 200 -
::1 - - [05/Feb/2026 20:28:47] "GET /_next/static/chunks/1cebad8668825d8b.js HTTP/1.1" 200 -
::1 - - [05/Feb/2026 20:28:47] "GET /_next/static/chunks/381f22656e9e8446.js HTTP/1.1" 200 -
::1 - - [05/Feb/2026 20:28:47] "GET /_next/static/chunks/c50a2e2168f50922.js HTTP/1.1" 200 -
::1 - - [05/Feb/2026 20:28:47] "GET /_next/static/chunks/8e70a629e4c96314.js HTTP/1.1" 200 -
::1 - - [05/Feb/2026 20:28:47] "GET /_next/static/chunks/2cc297d9d889b937.js HTTP/1.1" 200 -
::1 - - [05/Feb/2026 20:28:47] "GET /_next/static/chunks/af78c69164b49c95.js HTTP/1.1" 200 -
::1 - - [05/Feb/2026 20:28:47] "GET /_next/static/chunks/ca15243e7f6d42ce.js HTTP/1.1" 200 -
::1 - - [05/Feb/2026 20:28:47] "GET /_next/static/chunks/5795df3dd5b77c1a.js HTTP/1.1" 200 -
::1 - - [05/Feb/2026 20:28:47] "GET /_next/static/chunks/63b7ce74710ea28a.js HTTP/1.1" 200 -
::1 - - [05/Feb/2026 20:28:47] "GET /_next/static/chunks/9a7908e8bb0f59b7.js HTTP/1.1" 200 -
::1 - - [05/Feb/2026 20:28:47] "GET /favicon.png HTTP/1.1" 200 -
::1 - - [05/Feb/2026 20:39:05] "GET / HTTP/1.1" 200 -
::1 - - [05/Feb/2026 20:39:05] "GET /_next/static/chunks/a3f9bbc275ab209c.css HTTP/1.1" 200 -
::1 - - [05/Feb/2026 20:39:05] "GET /_next/static/chunks/bdb1963928c5fddc.css HTTP/1.1" 200 -
::1 - - [05/Feb/2026 20:39:05] "GET /_next/static/media/GeistMono_Variable.p.73882635.woff2 HTTP/1.1" 200 -
::1 - - [05/Feb/2026 20:39:05] "GET /_next/static/media/Geist_Variable-s.p.f19e4721.woff2 HTTP/1.1" 200 -
::1 - - [05/Feb/2026 20:39:05] "GET /_next/static/chunks/c7b10d2a59f98fd4.js HTTP/1.1" 200 -
::1 - - [05/Feb/2026 20:39:05] "GET /_next/static/chunks/e40f5e4b6d39e562.js HTTP/1.1" 200 -
::1 - - [05/Feb/2026 20:39:05] "GET /_next/static/chunks/02a4af7d2bd2ca38.js HTTP/1.1" 200 -
::1 - - [05/Feb/2026 20:39:05] "GET /_next/static/chunks/a5e67bba9ac85b3d.js HTTP/1.1" 200 -
::1 - - [05/Feb/2026 20:39:05] "GET /_next/static/chunks/turbopack-c563d7d690b956c1.js HTTP/1.1" 200 -
::1 - - [05/Feb/2026 20:39:06] "GET /_next/static/chunks/381f22656e9e8446.js HTTP/1.1" 200 -
::1 - - [05/Feb/2026 20:39:06] "GET /_next/static/chunks/1cebad8668825d8b.js HTTP/1.1" 200 -
::1 - - [05/Feb/2026 20:39:06] "GET /_next/static/chunks/8cdd541599757104.js HTTP/1.1" 200 -
::1 - - [05/Feb/2026 20:39:06] "GET /_next/static/chunks/8d51be5a4bb87b2f.js HTTP/1.1" 200 -
::1 - - [05/Feb/2026 20:39:06] "GET /_next/static/chunks/8e70a629e4c96314.js HTTP/1.1" 200 -
::1 - - [05/Feb/2026 20:39:06] "GET /_next/static/chunks/8d3945c9ea1274d1.js HTTP/1.1" 200 -
::1 - - [05/Feb/2026 20:39:06] "GET /_next/static/chunks/b056a15eec95302c.js HTTP/1.1" 200 -
::1 - - [05/Feb/2026 20:39:06] "GET /_next/static/chunks/63b7ce74710ea28a.js HTTP/1.1" 200 -
::1 - - [05/Feb/2026 20:39:06] "GET /_next/static/chunks/af78c69164b49c95.js HTTP/1.1" 200 -
::1 - - [05/Feb/2026 20:39:06] "GET /_next/static/chunks/5795df3dd5b77c1a.js HTTP/1.1" 200 -
::1 - - [05/Feb/2026 20:39:06] "GET /_next/static/chunks/9a7908e8bb0f59b7.js HTTP/1.1" 200 -
::1 - - [05/Feb/2026 20:39:06] "GET /_next/static/chunks/2cc297d9d889b937.js HTTP/1.1" 200 -
::1 - - [05/Feb/2026 20:39:06] "GET /_next/static/chunks/ca15243e7f6d42ce.js HTTP/1.1" 200 -
::1 - - [05/Feb/2026 20:43:36] "GET / HTTP/1.1" 200 -
::1 - - [05/Feb/2026 20:43:36] "GET /_next/static/chunks/a3f9bbc275ab209c.css HTTP/1.1" 200 -
::1 - - [05/Feb/2026 20:43:36] "GET /_next/static/chunks/bdb1963928c5fddc.css HTTP/1.1" 200 -
::1 - - [05/Feb/2026 20:43:36] "GET /_next/static/media/GeistMono_Variable.p.73882635.woff2 HTTP/1.1" 200 -
::1 - - [05/Feb/2026 20:43:36] "GET /_next/static/media/Geist_Variable-s.p.f19e4721.woff2 HTTP/1.1" 200 -
::1 - - [05/Feb/2026 20:43:36] "GET /_next/static/chunks/e40f5e4b6d39e562.js HTTP/1.1" 200 -
::1 - - [05/Feb/2026 20:43:36] "GET /_next/static/chunks/02a4af7d2bd2ca38.js HTTP/1.1" 200 -
::1 - - [05/Feb/2026 20:43:36] "GET /_next/static/chunks/a5e67bba9ac85b3d.js HTTP/1.1" 200 -
::1 - - [05/Feb/2026 20:43:36] "GET /_next/static/chunks/turbopack-c563d7d690b956c1.js HTTP/1.1" 200 -
::1 - - [05/Feb/2026 20:43:36] "GET /_next/static/chunks/b056a15eec95302c.js HTTP/1.1" 200 -
::1 - - [05/Feb/2026 20:43:37] "GET /_next/static/chunks/8d51be5a4bb87b2f.js HTTP/1.1" 200 -
::1 - - [05/Feb/2026 20:43:37] "GET /_next/static/chunks/1cebad8668825d8b.js HTTP/1.1" 200 -
::1 - - [05/Feb/2026 20:43:37] "GET /_next/static/chunks/381f22656e9e8446.js HTTP/1.1" 200 -
::1 - - [05/Feb/2026 20:43:37] "GET /_next/static/chunks/fab8cca06eb3eea5.js HTTP/1.1" 200 -
::1 - - [05/Feb/2026 20:43:37] "GET /_next/static/chunks/8e70a629e4c96314.js HTTP/1.1" 200 -
::1 - - [05/Feb/2026 20:43:37] "GET /_next/static/chunks/c7b10d2a59f98fd4.js HTTP/1.1" 200 -
::1 - - [05/Feb/2026 20:43:37] "GET /_next/static/chunks/8d3945c9ea1274d1.js HTTP/1.1" 200 -
::1 - - [05/Feb/2026 20:43:37] "GET /_next/static/chunks/af78c69164b49c95.js HTTP/1.1" 200 -
::1 - - [05/Feb/2026 20:43:37] "GET /_next/static/chunks/2cc297d9d889b937.js HTTP/1.1" 200 -
::1 - - [05/Feb/2026 20:43:37] "GET /_next/static/chunks/63b7ce74710ea28a.js HTTP/1.1" 200 -
::1 - - [05/Feb/2026 20:43:37] "GET /_next/static/chunks/ca15243e7f6d42ce.js HTTP/1.1" 200 -
::1 - - [05/Feb/2026 20:43:37] "GET /_next/static/chunks/5795df3dd5b77c1a.js HTTP/1.1" 200 -
::1 - - [05/Feb/2026 20:43:37] "GET /_next/static/chunks/9a7908e8bb0f59b7.js HTTP/1.1" 200 -
::1 - - [05/Feb/2026 20:43:40] "GET / HTTP/1.1" 200 -
::1 - - [05/Feb/2026 20:43:40] "GET /_next/static/media/GeistMono_Variable.p.73882635.woff2 HTTP/1.1" 200 -
::1 - - [05/Feb/2026 20:43:40] "GET /_next/static/chunks/a3f9bbc275ab209c.css HTTP/1.1" 200 -
::1 - - [05/Feb/2026 20:43:40] "GET /_next/static/chunks/bdb1963928c5fddc.css HTTP/1.1" 200 -
::1 - - [05/Feb/2026 20:43:40] "GET /_next/static/media/Geist_Variable-s.p.f19e4721.woff2 HTTP/1.1" 200 -
::1 - - [05/Feb/2026 20:43:40] "GET /_next/static/chunks/a5e67bba9ac85b3d.js HTTP/1.1" 200 -
::1 - - [05/Feb/2026 20:43:40] "GET /_next/static/chunks/b056a15eec95302c.js HTTP/1.1" 200 -
::1 - - [05/Feb/2026 20:43:40] "GET /_next/static/chunks/e40f5e4b6d39e562.js HTTP/1.1" 200 -
::1 - - [05/Feb/2026 20:43:40] "GET /_next/static/chunks/c7b10d2a59f98fd4.js HTTP/1.1" 200 -
::1 - - [05/Feb/2026 20:43:40] "GET /_next/static/chunks/turbopack-c563d7d690b956c1.js HTTP/1.1" 200 -
::1 - - [05/Feb/2026 20:43:40] "GET /_next/static/chunks/02a4af7d2bd2ca38.js HTTP/1.1" 200 -
::1 - - [05/Feb/2026 20:43:40] "GET /_next/static/chunks/8d3945c9ea1274d1.js HTTP/1.1" 200 -
::1 - - [05/Feb/2026 20:43:40] "GET /_next/static/chunks/8d51be5a4bb87b2f.js HTTP/1.1" 200 -
::1 - - [05/Feb/2026 20:43:40] "GET /_next/static/chunks/1cebad8668825d8b.js HTTP/1.1" 200 -
::1 - - [05/Feb/2026 20:43:40] "GET /_next/static/chunks/381f22656e9e8446.js HTTP/1.1" 200 -
::1 - - [05/Feb/2026 20:43:40] "GET /_next/static/chunks/fab8cca06eb3eea5.js HTTP/1.1" 200 -
::1 - - [05/Feb/2026 20:43:40] "GET /_next/static/chunks/8e70a629e4c96314.js HTTP/1.1" 200 -
::1 - - [05/Feb/2026 20:43:40] "GET /favicon.png HTTP/1.1" 200 -
::1 - - [05/Feb/2026 20:44:37] "GET / HTTP/1.1" 304 -
::1 - - [05/Feb/2026 20:44:37] "GET /_next/static/media/GeistMono_Variable.p.73882635.woff2 HTTP/1.1" 304 -
::1 - - [05/Feb/2026 20:44:37] "GET /_next/static/chunks/a3f9bbc275ab209c.css HTTP/1.1" 304 -
::1 - - [05/Feb/2026 20:44:37] "GET /_next/static/chunks/bdb1963928c5fddc.css HTTP/1.1" 304 -
::1 - - [05/Feb/2026 20:44:37] "GET /_next/static/media/Geist_Variable-s.p.f19e4721.woff2 HTTP/1.1" 304 -
::1 - - [05/Feb/2026 20:44:38] "GET /_next/static/chunks/a5e67bba9ac85b3d.js HTTP/1.1" 304 -
::1 - - [05/Feb/2026 20:44:38] "GET /_next/static/chunks/turbopack-c563d7d690b956c1.js HTTP/1.1" 304 -
::1 - - [05/Feb/2026 20:44:38] "GET /_next/static/chunks/e40f5e4b6d39e562.js HTTP/1.1" 304 -
::1 - - [05/Feb/2026 20:44:38] "GET /_next/static/chunks/b056a15eec95302c.js HTTP/1.1" 304 -
::1 - - [05/Feb/2026 20:44:38] "GET /_next/static/chunks/02a4af7d2bd2ca38.js HTTP/1.1" 304 -
::1 - - [05/Feb/2026 20:44:38] "GET /_next/static/chunks/c7b10d2a59f98fd4.js HTTP/1.1" 304 -
::1 - - [05/Feb/2026 20:44:38] "GET /_next/static/chunks/8d3945c9ea1274d1.js HTTP/1.1" 304 -
::1 - - [05/Feb/2026 20:44:38] "GET /_next/static/chunks/8d51be5a4bb87b2f.js HTTP/1.1" 304 -
::1 - - [05/Feb/2026 20:44:38] "GET /_next/static/chunks/1cebad8668825d8b.js HTTP/1.1" 304 -
::1 - - [05/Feb/2026 20:44:38] "GET /_next/static/chunks/381f22656e9e8446.js HTTP/1.1" 304 -
::1 - - [05/Feb/2026 20:44:38] "GET /_next/static/chunks/8e70a629e4c96314.js HTTP/1.1" 304 -
::1 - - [05/Feb/2026 20:44:38] "GET /_next/static/chunks/fab8cca06eb3eea5.js HTTP/1.1" 304 -
::1 - - [05/Feb/2026 20:44:38] "GET /_next/static/chunks/2cc297d9d889b937.js HTTP/1.1" 304 -
::1 - - [05/Feb/2026 20:44:38] "GET /_next/static/chunks/ca15243e7f6d42ce.js HTTP/1.1" 304 -
::1 - - [05/Feb/2026 20:44:38] "GET /_next/static/chunks/af78c69164b49c95.js HTTP/1.1" 304 -
::1 - - [05/Feb/2026 20:44:38] "GET /_next/static/chunks/5795df3dd5b77c1a.js HTTP/1.1" 304 -
::1 - - [05/Feb/2026 20:44:38] "GET /_next/static/chunks/63b7ce74710ea28a.js HTTP/1.1" 304 -
::1 - - [05/Feb/2026 20:44:38] "GET /_next/static/chunks/9a7908e8bb0f59b7.js HTTP/1.1" 304 -
::1 - - [05/Feb/2026 20:47:45] "GET / HTTP/1.1" 304 -
::1 - - [05/Feb/2026 20:47:45] "GET /_next/static/media/GeistMono_Variable.p.73882635.woff2 HTTP/1.1" 304 -
::1 - - [05/Feb/2026 20:47:45] "GET /_next/static/media/Geist_Variable-s.p.f19e4721.woff2 HTTP/1.1" 304 -
::1 - - [05/Feb/2026 20:47:45] "GET /_next/static/chunks/a3f9bbc275ab209c.css HTTP/1.1" 304 -
::1 - - [05/Feb/2026 20:47:45] "GET /_next/static/chunks/bdb1963928c5fddc.css HTTP/1.1" 304 -
::1 - - [05/Feb/2026 20:47:46] "GET /_next/static/chunks/a5e67bba9ac85b3d.js HTTP/1.1" 304 -
::1 - - [05/Feb/2026 20:47:46] "GET /_next/static/chunks/c7b10d2a59f98fd4.js HTTP/1.1" 304 -
::1 - - [05/Feb/2026 20:47:46] "GET /_next/static/chunks/b056a15eec95302c.js HTTP/1.1" 304 -
::1 - - [05/Feb/2026 20:47:46] "GET /_next/static/chunks/02a4af7d2bd2ca38.js HTTP/1.1" 304 -
::1 - - [05/Feb/2026 20:47:46] "GET /_next/static/chunks/e40f5e4b6d39e562.js HTTP/1.1" 304 -
::1 - - [05/Feb/2026 20:47:46] "GET /_next/static/chunks/turbopack-c563d7d690b956c1.js HTTP/1.1" 304 -
::1 - - [05/Feb/2026 20:47:46] "GET /_next/static/chunks/8d3945c9ea1274d1.js HTTP/1.1" 304 -
::1 - - [05/Feb/2026 20:47:46] "GET /_next/static/chunks/8d51be5a4bb87b2f.js HTTP/1.1" 304 -
::1 - - [05/Feb/2026 20:47:46] "GET /_next/static/chunks/1cebad8668825d8b.js HTTP/1.1" 304 -
::1 - - [05/Feb/2026 20:47:46] "GET /_next/static/chunks/381f22656e9e8446.js HTTP/1.1" 304 -
::1 - - [05/Feb/2026 20:47:46] "GET /_next/static/chunks/fab8cca06eb3eea5.js HTTP/1.1" 304 -
::1 - - [05/Feb/2026 20:47:46] "GET /_next/static/chunks/8e70a629e4c96314.js HTTP/1.1" 304 -
::1 - - [05/Feb/2026 20:47:46] "GET /_next/static/chunks/2cc297d9d889b937.js HTTP/1.1" 304 -
::1 - - [05/Feb/2026 20:47:46] "GET /_next/static/chunks/ca15243e7f6d42ce.js HTTP/1.1" 304 -
::1 - - [05/Feb/2026 20:47:46] "GET /_next/static/chunks/af78c69164b49c95.js HTTP/1.1" 304 -
::1 - - [05/Feb/2026 20:47:46] "GET /_next/static/chunks/5795df3dd5b77c1a.js HTTP/1.1" 304 -
::1 - - [05/Feb/2026 20:47:46] "GET /_next/static/chunks/9a7908e8bb0f59b7.js HTTP/1.1" 304 -
::1 - - [05/Feb/2026 20:47:46] "GET /_next/static/chunks/63b7ce74710ea28a.js HTTP/1.1" 304 -
::1 - - [05/Feb/2026 20:47:48] "GET / HTTP/1.1" 304 -
::1 - - [05/Feb/2026 20:47:50] "GET / HTTP/1.1" 304 -
::1 - - [05/Feb/2026 20:47:50] "GET / HTTP/1.1" 304 -
::1 - - [05/Feb/2026 20:50:30] "GET / HTTP/1.1" 200 -
::1 - - [05/Feb/2026 20:50:30] "GET /_next/static/media/GeistMono_Variable.p.73882635.woff2 HTTP/1.1" 200 -
::1 - - [05/Feb/2026 20:50:30] "GET /_next/static/media/Geist_Variable-s.p.f19e4721.woff2 HTTP/1.1" 200 -
::1 - - [05/Feb/2026 20:50:30] "GET /_next/static/chunks/bdb1963928c5fddc.css HTTP/1.1" 200 -
::1 - - [05/Feb/2026 20:50:30] "GET /_next/static/chunks/a3f9bbc275ab209c.css HTTP/1.1" 200 -
::1 - - [05/Feb/2026 20:50:30] "GET /_next/static/chunks/c7b10d2a59f98fd4.js HTTP/1.1" 200 -
::1 - - [05/Feb/2026 20:50:30] "GET /_next/static/chunks/a5e67bba9ac85b3d.js HTTP/1.1" 200 -
::1 - - [05/Feb/2026 20:50:30] "GET /_next/static/chunks/02a4af7d2bd2ca38.js HTTP/1.1" 200 -
::1 - - [05/Feb/2026 20:50:30] "GET /_next/static/chunks/turbopack-c563d7d690b956c1.js HTTP/1.1" 200 -
::1 - - [05/Feb/2026 20:50:30] "GET /_next/static/chunks/e40f5e4b6d39e562.js HTTP/1.1" 200 -
::1 - - [05/Feb/2026 20:50:30] "GET /_next/static/chunks/1cebad8668825d8b.js HTTP/1.1" 200 -
::1 - - [05/Feb/2026 20:50:30] "GET /_next/static/chunks/381f22656e9e8446.js HTTP/1.1" 200 -
::1 - - [05/Feb/2026 20:50:30] "GET /_next/static/chunks/239a4a47b6a3f938.js HTTP/1.1" 200 -
::1 - - [05/Feb/2026 20:50:30] "GET /_next/static/chunks/8d3945c9ea1274d1.js HTTP/1.1" 200 -
::1 - - [05/Feb/2026 20:50:30] "GET /_next/static/chunks/8d51be5a4bb87b2f.js HTTP/1.1" 200 -
::1 - - [05/Feb/2026 20:50:30] "GET /_next/static/chunks/b056a15eec95302c.js HTTP/1.1" 200 -
::1 - - [05/Feb/2026 20:50:30] "GET /_next/static/chunks/8e70a629e4c96314.js HTTP/1.1" 200 -
::1 - - [05/Feb/2026 20:50:31] "GET /_next/static/chunks/af78c69164b49c95.js HTTP/1.1" 200 -
::1 - - [05/Feb/2026 20:50:31] "GET /_next/static/chunks/63b7ce74710ea28a.js HTTP/1.1" 200 -
::1 - - [05/Feb/2026 20:50:31] "GET /_next/static/chunks/5795df3dd5b77c1a.js HTTP/1.1" 200 -
::1 - - [05/Feb/2026 20:50:31] "GET /_next/static/chunks/ca15243e7f6d42ce.js HTTP/1.1" 200 -
::1 - - [05/Feb/2026 20:50:31] "GET /_next/static/chunks/2cc297d9d889b937.js HTTP/1.1" 200 -
::1 - - [05/Feb/2026 20:50:31] "GET /_next/static/chunks/9a7908e8bb0f59b7.js HTTP/1.1" 200 -
::1 - - [05/Feb/2026 20:50:32] "GET / HTTP/1.1" 304 -
::1 - - [05/Feb/2026 20:50:35] "GET / HTTP/1.1" 200 -
::1 - - [05/Feb/2026 20:50:35] "GET /_next/static/media/GeistMono_Variable.p.73882635.woff2 HTTP/1.1" 200 -
::1 - - [05/Feb/2026 20:50:35] "GET /_next/static/chunks/a3f9bbc275ab209c.css HTTP/1.1" 200 -
::1 - - [05/Feb/2026 20:50:35] "GET /_next/static/chunks/bdb1963928c5fddc.css HTTP/1.1" 200 -
::1 - - [05/Feb/2026 20:50:35] "GET /_next/static/media/Geist_Variable-s.p.f19e4721.woff2 HTTP/1.1" 200 -
::1 - - [05/Feb/2026 20:50:35] "GET /_next/static/chunks/b056a15eec95302c.js HTTP/1.1" 200 -
::1 - - [05/Feb/2026 20:50:35] "GET /_next/static/chunks/a5e67bba9ac85b3d.js HTTP/1.1" 200 -
::1 - - [05/Feb/2026 20:50:35] "GET /_next/static/chunks/e40f5e4b6d39e562.js HTTP/1.1" 200 -
::1 - - [05/Feb/2026 20:50:35] "GET /_next/static/chunks/turbopack-c563d7d690b956c1.js HTTP/1.1" 200 -
::1 - - [05/Feb/2026 20:50:35] "GET /_next/static/chunks/c7b10d2a59f98fd4.js HTTP/1.1" 200 -
::1 - - [05/Feb/2026 20:50:35] "GET /_next/static/chunks/02a4af7d2bd2ca38.js HTTP/1.1" 200 -
::1 - - [05/Feb/2026 20:50:35] "GET /_next/static/chunks/8d3945c9ea1274d1.js HTTP/1.1" 200 -
::1 - - [05/Feb/2026 20:50:35] "GET /_next/static/chunks/8d51be5a4bb87b2f.js HTTP/1.1" 200 -
::1 - - [05/Feb/2026 20:50:35] "GET /_next/static/chunks/1cebad8668825d8b.js HTTP/1.1" 200 -
::1 - - [05/Feb/2026 20:50:35] "GET /_next/static/chunks/381f22656e9e8446.js HTTP/1.1" 200 -
::1 - - [05/Feb/2026 20:50:35] "GET /_next/static/chunks/239a4a47b6a3f938.js HTTP/1.1" 200 -
::1 - - [05/Feb/2026 20:50:35] "GET /_next/static/chunks/8e70a629e4c96314.js HTTP/1.1" 200 -
::1 - - [05/Feb/2026 20:50:35] "GET /favicon.png HTTP/1.1" 200 -
::1 - - [05/Feb/2026 20:50:37] "GET / HTTP/1.1" 304 -
::1 - - [05/Feb/2026 20:50:38] "GET / HTTP/1.1" 304 -
::1 - - [05/Feb/2026 20:50:53] "GET / HTTP/1.1" 304 -
::1 - - [05/Feb/2026 20:50:53] "GET /_next/static/media/GeistMono_Variable.p.73882635.woff2 HTTP/1.1" 304 -
::1 - - [05/Feb/2026 20:50:53] "GET /_next/static/media/Geist_Variable-s.p.f19e4721.woff2 HTTP/1.1" 304 -
::1 - - [05/Feb/2026 20:50:53] "GET /_next/static/chunks/a3f9bbc275ab209c.css HTTP/1.1" 304 -
::1 - - [05/Feb/2026 20:50:53] "GET /_next/static/chunks/bdb1963928c5fddc.css HTTP/1.1" 304 -
::1 - - [05/Feb/2026 20:50:53] "GET /_next/static/chunks/e40f5e4b6d39e562.js HTTP/1.1" 304 -
::1 - - [05/Feb/2026 20:50:53] "GET /_next/static/chunks/b056a15eec95302c.js HTTP/1.1" 304 -
::1 - - [05/Feb/2026 20:50:53] "GET /_next/static/chunks/a5e67bba9ac85b3d.js HTTP/1.1" 304 -
::1 - - [05/Feb/2026 20:50:53] "GET /_next/static/chunks/turbopack-c563d7d690b956c1.js HTTP/1.1" 304 -
::1 - - [05/Feb/2026 20:50:53] "GET /_next/static/chunks/c7b10d2a59f98fd4.js HTTP/1.1" 304 -
::1 - - [05/Feb/2026 20:50:53] "GET /_next/static/chunks/02a4af7d2bd2ca38.js HTTP/1.1" 304 -
::1 - - [05/Feb/2026 20:50:53] "GET /_next/static/chunks/8d3945c9ea1274d1.js HTTP/1.1" 304 -
::1 - - [05/Feb/2026 20:50:53] "GET /_next/static/chunks/8d51be5a4bb87b2f.js HTTP/1.1" 304 -
::1 - - [05/Feb/2026 20:50:53] "GET /_next/static/chunks/1cebad8668825d8b.js HTTP/1.1" 304 -
::1 - - [05/Feb/2026 20:50:53] "GET /_next/static/chunks/381f22656e9e8446.js HTTP/1.1" 304 -
::1 - - [05/Feb/2026 20:50:53] "GET /_next/static/chunks/239a4a47b6a3f938.js HTTP/1.1" 304 -
::1 - - [05/Feb/2026 20:50:53] "GET /_next/static/chunks/8e70a629e4c96314.js HTTP/1.1" 304 -
::1 - - [05/Feb/2026 20:50:54] "GET /_next/static/chunks/2cc297d9d889b937.js HTTP/1.1" 304 -
::1 - - [05/Feb/2026 20:50:54] "GET /_next/static/chunks/ca15243e7f6d42ce.js HTTP/1.1" 304 -
::1 - - [05/Feb/2026 20:50:54] "GET /_next/static/chunks/5795df3dd5b77c1a.js HTTP/1.1" 304 -
::1 - - [05/Feb/2026 20:50:54] "GET /_next/static/chunks/af78c69164b49c95.js HTTP/1.1" 304 -
::1 - - [05/Feb/2026 20:50:54] "GET /_next/static/chunks/9a7908e8bb0f59b7.js HTTP/1.1" 304 -
::1 - - [05/Feb/2026 20:50:54] "GET /_next/static/chunks/63b7ce74710ea28a.js HTTP/1.1" 304 -
::1 - - [05/Feb/2026 20:51:10] "GET / HTTP/1.1" 304 -
::1 - - [05/Feb/2026 20:51:11] "GET / HTTP/1.1" 200 -
::1 - - [05/Feb/2026 20:51:11] "GET /_next/static/chunks/a3f9bbc275ab209c.css HTTP/1.1" 200 -
::1 - - [05/Feb/2026 20:51:11] "GET /_next/static/media/GeistMono_Variable.p.73882635.woff2 HTTP/1.1" 200 -
::1 - - [05/Feb/2026 20:51:11] "GET /_next/static/media/Geist_Variable-s.p.f19e4721.woff2 HTTP/1.1" 200 -
::1 - - [05/Feb/2026 20:51:11] "GET /_next/static/chunks/bdb1963928c5fddc.css HTTP/1.1" 200 -
::1 - - [05/Feb/2026 20:51:12] "GET /_next/static/chunks/e40f5e4b6d39e562.js HTTP/1.1" 200 -
::1 - - [05/Feb/2026 20:51:12] "GET /_next/static/chunks/a5e67bba9ac85b3d.js HTTP/1.1" 200 -
::1 - - [05/Feb/2026 20:51:12] "GET /_next/static/chunks/turbopack-c563d7d690b956c1.js HTTP/1.1" 200 -
::1 - - [05/Feb/2026 20:51:12] "GET /_next/static/chunks/c7b10d2a59f98fd4.js HTTP/1.1" 200 -
::1 - - [05/Feb/2026 20:51:12] "GET /_next/static/chunks/b056a15eec95302c.js HTTP/1.1" 200 -
::1 - - [05/Feb/2026 20:51:12] "GET /_next/static/chunks/02a4af7d2bd2ca38.js HTTP/1.1" 200 -
::1 - - [05/Feb/2026 20:51:12] "GET /_next/static/chunks/8d51be5a4bb87b2f.js HTTP/1.1" 200 -
::1 - - [05/Feb/2026 20:51:12] "GET /_next/static/chunks/381f22656e9e8446.js HTTP/1.1" 200 -
::1 - - [05/Feb/2026 20:51:12] "GET /_next/static/chunks/1cebad8668825d8b.js HTTP/1.1" 200 -
::1 - - [05/Feb/2026 20:51:12] "GET /_next/static/chunks/8d3945c9ea1274d1.js HTTP/1.1" 200 -
::1 - - [05/Feb/2026 20:51:12] "GET /_next/static/chunks/239a4a47b6a3f938.js HTTP/1.1" 200 -
::1 - - [05/Feb/2026 20:51:12] "GET /_next/static/chunks/8e70a629e4c96314.js HTTP/1.1" 200 -
::1 - - [05/Feb/2026 20:51:12] "GET /favicon.png HTTP/1.1" 200 -
::1 - - [05/Feb/2026 20:51:25] "GET /_next/static/chunks/47eb479944dc7927.js HTTP/1.1" 200 -
::1 - - [05/Feb/2026 20:59:14] "GET / HTTP/1.1" 304 -
::1 - - [05/Feb/2026 20:59:15] "GET /_next/static/media/GeistMono_Variable.p.73882635.woff2 HTTP/1.1" 304 -
::1 - - [05/Feb/2026 20:59:15] "GET /_next/static/media/Geist_Variable-s.p.f19e4721.woff2 HTTP/1.1" 304 -
::1 - - [05/Feb/2026 20:59:15] "GET /_next/static/chunks/a3f9bbc275ab209c.css HTTP/1.1" 304 -
::1 - - [05/Feb/2026 20:59:15] "GET /_next/static/chunks/bdb1963928c5fddc.css HTTP/1.1" 304 -
::1 - - [05/Feb/2026 20:59:15] "GET /_next/static/chunks/a5e67bba9ac85b3d.js HTTP/1.1" 304 -
::1 - - [05/Feb/2026 20:59:15] "GET /_next/static/chunks/e40f5e4b6d39e562.js HTTP/1.1" 304 -
::1 - - [05/Feb/2026 20:59:15] "GET /_next/static/chunks/b056a15eec95302c.js HTTP/1.1" 304 -
::1 - - [05/Feb/2026 20:59:15] "GET /_next/static/chunks/turbopack-c563d7d690b956c1.js HTTP/1.1" 304 -
::1 - - [05/Feb/2026 20:59:15] "GET /_next/static/chunks/c7b10d2a59f98fd4.js HTTP/1.1" 304 -
::1 - - [05/Feb/2026 20:59:15] "GET /_next/static/chunks/02a4af7d2bd2ca38.js HTTP/1.1" 304 -
::1 - - [05/Feb/2026 20:59:15] "GET /_next/static/chunks/8d3945c9ea1274d1.js HTTP/1.1" 304 -
::1 - - [05/Feb/2026 20:59:15] "GET /_next/static/chunks/8d51be5a4bb87b2f.js HTTP/1.1" 304 -
::1 - - [05/Feb/2026 20:59:15] "GET /_next/static/chunks/1cebad8668825d8b.js HTTP/1.1" 304 -
::1 - - [05/Feb/2026 20:59:15] "GET /_next/static/chunks/239a4a47b6a3f938.js HTTP/1.1" 304 -
::1 - - [05/Feb/2026 20:59:15] "GET /_next/static/chunks/381f22656e9e8446.js HTTP/1.1" 304 -
::1 - - [05/Feb/2026 20:59:15] "GET /_next/static/chunks/8e70a629e4c96314.js HTTP/1.1" 304 -
::1 - - [05/Feb/2026 20:59:16] "GET /_next/static/chunks/2cc297d9d889b937.js HTTP/1.1" 304 -
::1 - - [05/Feb/2026 20:59:16] "GET /_next/static/chunks/ca15243e7f6d42ce.js HTTP/1.1" 304 -
::1 - - [05/Feb/2026 20:59:16] "GET /_next/static/chunks/af78c69164b49c95.js HTTP/1.1" 304 -
::1 - - [05/Feb/2026 20:59:16] "GET /_next/static/chunks/5795df3dd5b77c1a.js HTTP/1.1" 304 -
::1 - - [05/Feb/2026 20:59:16] "GET /_next/static/chunks/9a7908e8bb0f59b7.js HTTP/1.1" 304 -
::1 - - [05/Feb/2026 20:59:16] "GET /_next/static/chunks/63b7ce74710ea28a.js HTTP/1.1" 304 -
::1 - - [05/Feb/2026 20:59:24] "GET /_next/static/chunks/6d553c3c5e23bfe7.js HTTP/1.1" 200 -
::1 - - [05/Feb/2026 20:59:24] "GET /_next/static/chunks/7624174236bc4497.css HTTP/1.1" 200 -
::1 - - [05/Feb/2026 20:59:24] "GET /_next/static/chunks/c68b6eb0955c1f83.js HTTP/1.1" 200 -
::1 - - [05/Feb/2026 20:59:24] "GET /_next/static/chunks/5e6f34683e75dddc.js HTTP/1.1" 200 -
::1 - - [05/Feb/2026 20:59:24] "GET /_next/static/chunks/15aac59396339d89.js HTTP/1.1" 200 -
::1 - - [05/Feb/2026 20:59:24] "GET /_next/static/chunks/90ffb07d5d0c11b7.js HTTP/1.1" 200 -
::1 - - [05/Feb/2026 20:59:24] "GET /_next/static/chunks/9ecfbf5169958c55.js HTTP/1.1" 200 -
::1 - - [05/Feb/2026 20:59:24] "GET /_next/static/chunks/2159dcf9721643d9.js HTTP/1.1" 200 -
::1 - - [05/Feb/2026 20:59:24] "GET /_next/static/chunks/9728db589fd82c5b.js HTTP/1.1" 200 -
::1 - - [05/Feb/2026 20:59:24] "GET /_next/static/chunks/9e5531af4acb8a71.js HTTP/1.1" 200 -
::1 - - [05/Feb/2026 20:59:24] "GET /_next/static/chunks/b1944275683b7941.js HTTP/1.1" 200 -
::1 - - [05/Feb/2026 20:59:24] "GET /_next/static/chunks/604aecb57264ce96.js HTTP/1.1" 200 -
::1 - - [05/Feb/2026 20:59:24] "GET /_next/static/chunks/821d15ef82816d37.js HTTP/1.1" 200 -
::1 - - [05/Feb/2026 20:59:25] "GET /_next/static/chunks/2a2c81b4093eda54.js HTTP/1.1" 200 -
::1 - - [05/Feb/2026 20:59:25] "GET /_next/static/media/KaTeX_Main-Regular.12644167.woff2 HTTP/1.1" 200 -
::1 - - [05/Feb/2026 20:59:25] "GET /_next/static/media/KaTeX_Math-Italic.d8564edb.woff2 HTTP/1.1" 200 -
::1 - - [05/Feb/2026 20:59:25] "GET /_next/static/media/KaTeX_Size1-Regular.4450ef36.woff2 HTTP/1.1" 200 -
::1 - - [05/Feb/2026 20:59:27] "GET / HTTP/1.1" 304 -
::1 - - [05/Feb/2026 21:00:48] "GET /_next/static/media/KaTeX_Math-Italic.d8564edb.woff2 HTTP/1.1" 304 -
::1 - - [05/Feb/2026 21:00:48] "GET /_next/static/media/KaTeX_Main-Regular.12644167.woff2 HTTP/1.1" 304 -
::1 - - [05/Feb/2026 21:00:48] "GET /_next/static/media/KaTeX_Size2-Regular.6a97527b.woff2 HTTP/1.1" 200 -
::1 - - [05/Feb/2026 21:01:22] "GET /_next/static/media/KaTeX_Size1-Regular.4450ef36.woff2 HTTP/1.1" 304 -
::1 - - [05/Feb/2026 21:02:09] "GET /_next/static/media/KaTeX_Size3-Regular.54b7ce9d.woff2 HTTP/1.1" 200 -
::1 - - [05/Feb/2026 21:28:57] "GET / HTTP/1.1" 200 -
::1 - - [05/Feb/2026 21:28:57] "GET /_next/static/chunks/a3f9bbc275ab209c.css HTTP/1.1" 200 -
::1 - - [05/Feb/2026 21:28:57] "GET /_next/static/chunks/bdb1963928c5fddc.css HTTP/1.1" 200 -
::1 - - [05/Feb/2026 21:28:57] "GET /_next/static/media/GeistMono_Variable.p.73882635.woff2 HTTP/1.1" 200 -
::1 - - [05/Feb/2026 21:28:57] "GET /_next/static/media/Geist_Variable-s.p.f19e4721.woff2 HTTP/1.1" 200 -
::1 - - [05/Feb/2026 21:28:57] "GET /_next/static/chunks/c7b10d2a59f98fd4.js HTTP/1.1" 200 -
::1 - - [05/Feb/2026 21:28:57] "GET /_next/static/chunks/02a4af7d2bd2ca38.js HTTP/1.1" 200 -
::1 - - [05/Feb/2026 21:28:57] "GET /_next/static/chunks/e40f5e4b6d39e562.js HTTP/1.1" 200 -
::1 - - [05/Feb/2026 21:28:57] "GET /_next/static/chunks/a5e67bba9ac85b3d.js HTTP/1.1" 200 -
::1 - - [05/Feb/2026 21:28:57] "GET /_next/static/chunks/turbopack-c563d7d690b956c1.js HTTP/1.1" 200 -
::1 - - [05/Feb/2026 21:28:57] "GET /_next/static/chunks/2797daeddb4a7e68.js HTTP/1.1" 200 -
::1 - - [05/Feb/2026 21:28:57] "GET /_next/static/chunks/b056a15eec95302c.js HTTP/1.1" 200 -
::1 - - [05/Feb/2026 21:28:57] "GET /_next/static/chunks/381f22656e9e8446.js HTTP/1.1" 200 -
::1 - - [05/Feb/2026 21:28:57] "GET /_next/static/chunks/8d3945c9ea1274d1.js HTTP/1.1" 200 -
::1 - - [05/Feb/2026 21:28:57] "GET /_next/static/chunks/8d51be5a4bb87b2f.js HTTP/1.1" 200 -
::1 - - [05/Feb/2026 21:28:57] "GET /_next/static/chunks/96ea57add2ceeb8a.js HTTP/1.1" 200 -
::1 - - [05/Feb/2026 21:28:57] "GET /_next/static/chunks/8e70a629e4c96314.js HTTP/1.1" 200 -
::1 - - [05/Feb/2026 21:28:57] "GET /_next/static/chunks/9a7908e8bb0f59b7.js HTTP/1.1" 200 -
::1 - - [05/Feb/2026 21:28:57] "GET /_next/static/chunks/e81a15111f4d6bda.js HTTP/1.1" 200 -
::1 - - [05/Feb/2026 21:28:57] "GET /_next/static/chunks/63b7ce74710ea28a.js HTTP/1.1" 200 -
::1 - - [05/Feb/2026 21:28:57] "GET /_next/static/chunks/af78c69164b49c95.js HTTP/1.1" 200 -
::1 - - [05/Feb/2026 21:28:57] "GET /_next/static/chunks/2cc297d9d889b937.js HTTP/1.1" 200 -
::1 - - [05/Feb/2026 21:28:57] "GET /_next/static/chunks/5795df3dd5b77c1a.js HTTP/1.1" 200 -
::1 - - [05/Feb/2026 21:29:00] "GET / HTTP/1.1" 304 -
::1 - - [05/Feb/2026 21:29:29] "GET /_next/static/chunks/682944fd093077ac.js HTTP/1.1" 200 -
::1 - - [05/Feb/2026 21:29:29] "GET /_next/static/chunks/c68b6eb0955c1f83.js HTTP/1.1" 200 -
::1 - - [05/Feb/2026 21:29:29] "GET /_next/static/chunks/7624174236bc4497.css HTTP/1.1" 200 -
::1 - - [05/Feb/2026 21:29:29] "GET /_next/static/chunks/5e6f34683e75dddc.js HTTP/1.1" 200 -
::1 - - [05/Feb/2026 21:29:29] "GET /_next/static/chunks/2159dcf9721643d9.js HTTP/1.1" 200 -
::1 - - [05/Feb/2026 21:29:29] "GET /_next/static/chunks/15aac59396339d89.js HTTP/1.1" 200 -
::1 - - [05/Feb/2026 21:29:29] "GET /_next/static/chunks/90ffb07d5d0c11b7.js HTTP/1.1" 200 -
::1 - - [05/Feb/2026 21:29:29] "GET /_next/static/chunks/9ecfbf5169958c55.js HTTP/1.1" 200 -
::1 - - [05/Feb/2026 21:29:30] "GET /_next/static/chunks/9728db589fd82c5b.js HTTP/1.1" 200 -
::1 - - [05/Feb/2026 21:29:30] "GET /_next/static/chunks/9e5531af4acb8a71.js HTTP/1.1" 200 -
::1 - - [05/Feb/2026 21:29:30] "GET /_next/static/chunks/7226e23d08204c22.js HTTP/1.1" 200 -
::1 - - [05/Feb/2026 21:29:30] "GET /_next/static/chunks/821d15ef82816d37.js HTTP/1.1" 200 -
::1 - - [05/Feb/2026 21:29:30] "GET /_next/static/chunks/b1944275683b7941.js HTTP/1.1" 200 -
::1 - - [05/Feb/2026 21:29:30] "GET /_next/static/chunks/2a2c81b4093eda54.js HTTP/1.1" 200 -
::1 - - [05/Feb/2026 21:29:47] "GET /_next/static/media/KaTeX_Math-Italic.d8564edb.woff2 HTTP/1.1" 200 -
::1 - - [05/Feb/2026 21:29:47] "GET /_next/static/media/KaTeX_Size1-Regular.4450ef36.woff2 HTTP/1.1" 200 -
::1 - - [05/Feb/2026 21:29:47] "GET /_next/static/media/KaTeX_Main-Regular.12644167.woff2 HTTP/1.1" 200 -
::1 - - [05/Feb/2026 21:30:11] "GET /_next/static/media/KaTeX_Size3-Regular.54b7ce9d.woff2 HTTP/1.1" 200 -
::1 - - [05/Feb/2026 21:30:15] "GET /_next/static/media/KaTeX_Size2-Regular.6a97527b.woff2 HTTP/1.1" 200 -
::1 - - [05/Feb/2026 22:12:02] "GET / HTTP/1.1" 200 -
::1 - - [05/Feb/2026 22:12:02] "GET /_next/static/chunks/a3f9bbc275ab209c.css HTTP/1.1" 200 -
::1 - - [05/Feb/2026 22:12:02] "GET /_next/static/chunks/bdb1963928c5fddc.css HTTP/1.1" 200 -
::1 - - [05/Feb/2026 22:12:02] "GET /_next/static/media/GeistMono_Variable.p.73882635.woff2 HTTP/1.1" 200 -
::1 - - [05/Feb/2026 22:12:02] "GET /_next/static/media/Geist_Variable-s.p.f19e4721.woff2 HTTP/1.1" 200 -
::1 - - [05/Feb/2026 22:12:03] "GET /_next/static/chunks/c7b10d2a59f98fd4.js HTTP/1.1" 200 -
::1 - - [05/Feb/2026 22:12:03] "GET /_next/static/chunks/02a4af7d2bd2ca38.js HTTP/1.1" 200 -
::1 - - [05/Feb/2026 22:12:03] "GET /_next/static/chunks/a5e67bba9ac85b3d.js HTTP/1.1" 200 -
::1 - - [05/Feb/2026 22:12:03] "GET /_next/static/chunks/e40f5e4b6d39e562.js HTTP/1.1" 200 -
::1 - - [05/Feb/2026 22:12:03] "GET /_next/static/chunks/turbopack-c563d7d690b956c1.js HTTP/1.1" 200 -
::1 - - [05/Feb/2026 22:12:03] "GET /_next/static/chunks/381f22656e9e8446.js HTTP/1.1" 200 -
::1 - - [05/Feb/2026 22:12:03] "GET /_next/static/chunks/9465ef8d6453b6f0.js HTTP/1.1" 200 -
::1 - - [05/Feb/2026 22:12:03] "GET /_next/static/chunks/b056a15eec95302c.js HTTP/1.1" 200 -
::1 - - [05/Feb/2026 22:12:03] "GET /_next/static/chunks/3a42008699f66fdf.js HTTP/1.1" 200 -
::1 - - [05/Feb/2026 22:12:03] "GET /_next/static/chunks/8d3945c9ea1274d1.js HTTP/1.1" 200 -
::1 - - [05/Feb/2026 22:12:03] "GET /_next/static/chunks/8e70a629e4c96314.js HTTP/1.1" 200 -
::1 - - [05/Feb/2026 22:12:03] "GET /_next/static/chunks/8d51be5a4bb87b2f.js HTTP/1.1" 200 -
::1 - - [05/Feb/2026 22:12:03] "GET /_next/static/chunks/63b7ce74710ea28a.js HTTP/1.1" 200 -
::1 - - [05/Feb/2026 22:12:03] "GET /_next/static/chunks/af78c69164b49c95.js HTTP/1.1" 200 -
::1 - - [05/Feb/2026 22:12:03] "GET /_next/static/chunks/9a7908e8bb0f59b7.js HTTP/1.1" 200 -
::1 - - [05/Feb/2026 22:12:03] "GET /_next/static/chunks/2cc297d9d889b937.js HTTP/1.1" 200 -
::1 - - [05/Feb/2026 22:12:03] "GET /_next/static/chunks/ad74bf88388eefa1.js HTTP/1.1" 200 -
::1 - - [05/Feb/2026 22:12:03] "GET /_next/static/chunks/5795df3dd5b77c1a.js HTTP/1.1" 200 -
::1 - - [05/Feb/2026 22:12:06] "GET / HTTP/1.1" 304 -
::1 - - [05/Feb/2026 22:12:29] "GET /_next/static/chunks/e7341535b8707fbc.js HTTP/1.1" 200 -
::1 - - [05/Feb/2026 22:12:29] "GET /_next/static/chunks/7624174236bc4497.css HTTP/1.1" 200 -
::1 - - [05/Feb/2026 22:12:29] "GET /_next/static/chunks/c68b6eb0955c1f83.js HTTP/1.1" 200 -
::1 - - [05/Feb/2026 22:12:29] "GET /_next/static/chunks/5e6f34683e75dddc.js HTTP/1.1" 200 -
::1 - - [05/Feb/2026 22:12:29] "GET /_next/static/chunks/15aac59396339d89.js HTTP/1.1" 200 -
::1 - - [05/Feb/2026 22:12:29] "GET /_next/static/chunks/90ffb07d5d0c11b7.js HTTP/1.1" 200 -
::1 - - [05/Feb/2026 22:12:29] "GET /_next/static/chunks/9ecfbf5169958c55.js HTTP/1.1" 200 -
::1 - - [05/Feb/2026 22:12:29] "GET /_next/static/chunks/2159dcf9721643d9.js HTTP/1.1" 200 -
::1 - - [05/Feb/2026 22:12:29] "GET /_next/static/chunks/b1944275683b7941.js HTTP/1.1" 200 -
::1 - - [05/Feb/2026 22:12:29] "GET /_next/static/chunks/9728db589fd82c5b.js HTTP/1.1" 200 -
::1 - - [05/Feb/2026 22:12:29] "GET /_next/static/chunks/821d15ef82816d37.js HTTP/1.1" 200 -
::1 - - [05/Feb/2026 22:12:29] "GET /_next/static/chunks/9e5531af4acb8a71.js HTTP/1.1" 200 -
::1 - - [05/Feb/2026 22:12:29] "GET /_next/static/chunks/790226ed20f10903.js HTTP/1.1" 200 -
::1 - - [05/Feb/2026 22:12:29] "GET /_next/static/chunks/2a2c81b4093eda54.js HTTP/1.1" 200 -
::1 - - [05/Feb/2026 22:12:40] "GET /_next/static/media/KaTeX_Main-Regular.12644167.woff2 HTTP/1.1" 200 -
::1 - - [05/Feb/2026 22:12:40] "GET /_next/static/media/KaTeX_Math-Italic.d8564edb.woff2 HTTP/1.1" 200 -
::1 - - [05/Feb/2026 22:23:49] "GET /_next/static/media/KaTeX_Size1-Regular.4450ef36.woff2 HTTP/1.1" 200 -
::1 - - [05/Feb/2026 22:57:29] "GET / HTTP/1.1" 304 -
::1 - - [05/Feb/2026 22:57:29] "GET /_next/static/media/GeistMono_Variable.p.73882635.woff2 HTTP/1.1" 304 -
::1 - - [05/Feb/2026 22:57:29] "GET /_next/static/chunks/a3f9bbc275ab209c.css HTTP/1.1" 304 -
::1 - - [05/Feb/2026 22:57:29] "GET /_next/static/chunks/bdb1963928c5fddc.css HTTP/1.1" 304 -
::1 - - [05/Feb/2026 22:57:29] "GET /_next/static/media/Geist_Variable-s.p.f19e4721.woff2 HTTP/1.1" 304 -
::1 - - [05/Feb/2026 22:57:29] "GET /_next/static/chunks/a5e67bba9ac85b3d.js HTTP/1.1" 304 -
::1 - - [05/Feb/2026 22:57:29] "GET /_next/static/chunks/e40f5e4b6d39e562.js HTTP/1.1" 304 -
::1 - - [05/Feb/2026 22:57:29] "GET /_next/static/chunks/turbopack-c563d7d690b956c1.js HTTP/1.1" 304 -
::1 - - [05/Feb/2026 22:57:29] "GET /_next/static/chunks/02a4af7d2bd2ca38.js HTTP/1.1" 304 -
::1 - - [05/Feb/2026 22:57:29] "GET /_next/static/chunks/b056a15eec95302c.js HTTP/1.1" 304 -
::1 - - [05/Feb/2026 22:57:29] "GET /_next/static/chunks/c7b10d2a59f98fd4.js HTTP/1.1" 304 -
::1 - - [05/Feb/2026 22:57:29] "GET /_next/static/chunks/8d3945c9ea1274d1.js HTTP/1.1" 304 -
::1 - - [05/Feb/2026 22:57:29] "GET /_next/static/chunks/8d51be5a4bb87b2f.js HTTP/1.1" 304 -
::1 - - [05/Feb/2026 22:57:29] "GET /_next/static/chunks/9465ef8d6453b6f0.js HTTP/1.1" 304 -
::1 - - [05/Feb/2026 22:57:29] "GET /_next/static/chunks/381f22656e9e8446.js HTTP/1.1" 304 -
::1 - - [05/Feb/2026 22:57:29] "GET /_next/static/chunks/3a42008699f66fdf.js HTTP/1.1" 304 -
::1 - - [05/Feb/2026 22:57:29] "GET /_next/static/chunks/8e70a629e4c96314.js HTTP/1.1" 304 -
::1 - - [05/Feb/2026 22:57:29] "GET /_next/static/chunks/af78c69164b49c95.js HTTP/1.1" 304 -
::1 - - [05/Feb/2026 22:57:29] "GET /_next/static/chunks/2cc297d9d889b937.js HTTP/1.1" 304 -
::1 - - [05/Feb/2026 22:57:29] "GET /_next/static/chunks/9a7908e8bb0f59b7.js HTTP/1.1" 304 -
::1 - - [05/Feb/2026 22:57:29] "GET /_next/static/chunks/ad74bf88388eefa1.js HTTP/1.1" 304 -
::1 - - [05/Feb/2026 22:57:29] "GET /_next/static/chunks/5795df3dd5b77c1a.js HTTP/1.1" 304 -
::1 - - [05/Feb/2026 22:57:29] "GET /_next/static/chunks/63b7ce74710ea28a.js HTTP/1.1" 304 -
::1 - - [05/Feb/2026 22:57:44] "GET /_next/static/chunks/e7341535b8707fbc.js HTTP/1.1" 304 -
::1 - - [05/Feb/2026 22:57:44] "GET /_next/static/chunks/5e6f34683e75dddc.js HTTP/1.1" 304 -
::1 - - [05/Feb/2026 22:57:44] "GET /_next/static/chunks/c68b6eb0955c1f83.js HTTP/1.1" 304 -
::1 - - [05/Feb/2026 22:57:44] "GET /_next/static/chunks/9ecfbf5169958c55.js HTTP/1.1" 304 -
::1 - - [05/Feb/2026 22:57:44] "GET /_next/static/chunks/15aac59396339d89.js HTTP/1.1" 304 -
::1 - - [05/Feb/2026 22:57:44] "GET /_next/static/chunks/2159dcf9721643d9.js HTTP/1.1" 304 -
::1 - - [05/Feb/2026 22:57:44] "GET /_next/static/chunks/7624174236bc4497.css HTTP/1.1" 304 -
::1 - - [05/Feb/2026 22:57:44] "GET /_next/static/chunks/90ffb07d5d0c11b7.js HTTP/1.1" 304 -
::1 - - [05/Feb/2026 22:57:44] "GET /_next/static/chunks/821d15ef82816d37.js HTTP/1.1" 304 -
::1 - - [05/Feb/2026 22:57:44] "GET /_next/static/chunks/b1944275683b7941.js HTTP/1.1" 304 -
::1 - - [05/Feb/2026 22:57:44] "GET /_next/static/chunks/790226ed20f10903.js HTTP/1.1" 304 -
::1 - - [05/Feb/2026 22:57:44] "GET /_next/static/chunks/9e5531af4acb8a71.js HTTP/1.1" 304 -
::1 - - [05/Feb/2026 22:57:44] "GET /_next/static/chunks/9728db589fd82c5b.js HTTP/1.1" 304 -
::1 - - [05/Feb/2026 22:57:44] "GET /_next/static/chunks/2a2c81b4093eda54.js HTTP/1.1" 304 -
::1 - - [05/Feb/2026 22:57:44] "GET /_next/static/media/KaTeX_Main-Regular.12644167.woff2 HTTP/1.1" 304 -
::1 - - [05/Feb/2026 22:57:44] "GET /_next/static/media/KaTeX_Math-Italic.d8564edb.woff2 HTTP/1.1" 304 -
::1 - - [05/Feb/2026 22:57:44] "GET /_next/static/media/KaTeX_Size1-Regular.4450ef36.woff2 HTTP/1.1" 304 -
::1 - - [05/Feb/2026 22:57:44] "GET /_next/static/media/KaTeX_Size2-Regular.6a97527b.woff2 HTTP/1.1" 200 -
::1 - - [05/Feb/2026 22:58:26] "GET / HTTP/1.1" 304 -
::1 - - [05/Feb/2026 23:03:13] "GET /_next/static/media/GeistMono_Variable.p.73882635.woff2 HTTP/1.1" 304 -
::1 - - [05/Feb/2026 23:03:13] "GET /_next/static/media/Geist_Variable-s.p.f19e4721.woff2 HTTP/1.1" 304 -
::1 - - [05/Feb/2026 23:03:13] "GET /_next/static/chunks/a3f9bbc275ab209c.css HTTP/1.1" 304 -
::1 - - [05/Feb/2026 23:03:13] "GET /_next/static/chunks/bdb1963928c5fddc.css HTTP/1.1" 304 -
::1 - - [05/Feb/2026 23:03:13] "GET /_next/static/chunks/a5e67bba9ac85b3d.js HTTP/1.1" 304 -
::1 - - [05/Feb/2026 23:03:13] "GET /_next/static/chunks/b056a15eec95302c.js HTTP/1.1" 304 -
::1 - - [05/Feb/2026 23:03:13] "GET /_next/static/chunks/c7b10d2a59f98fd4.js HTTP/1.1" 304 -
::1 - - [05/Feb/2026 23:03:13] "GET /_next/static/chunks/turbopack-c563d7d690b956c1.js HTTP/1.1" 304 -
::1 - - [05/Feb/2026 23:03:13] "GET /_next/static/chunks/02a4af7d2bd2ca38.js HTTP/1.1" 304 -
::1 - - [05/Feb/2026 23:03:13] "GET /_next/static/chunks/e40f5e4b6d39e562.js HTTP/1.1" 304 -
::1 - - [05/Feb/2026 23:03:13] "GET /_next/static/chunks/8d3945c9ea1274d1.js HTTP/1.1" 304 -
::1 - - [05/Feb/2026 23:03:13] "GET /_next/static/chunks/8d51be5a4bb87b2f.js HTTP/1.1" 304 -
::1 - - [05/Feb/2026 23:03:13] "GET /_next/static/chunks/9465ef8d6453b6f0.js HTTP/1.1" 304 -
::1 - - [05/Feb/2026 23:03:13] "GET /_next/static/chunks/3a42008699f66fdf.js HTTP/1.1" 304 -
::1 - - [05/Feb/2026 23:03:13] "GET /_next/static/chunks/381f22656e9e8446.js HTTP/1.1" 304 -
::1 - - [05/Feb/2026 23:03:13] "GET /_next/static/chunks/8e70a629e4c96314.js HTTP/1.1" 304 -
::1 - - [05/Feb/2026 23:03:14] "GET /_next/static/chunks/ad74bf88388eefa1.js HTTP/1.1" 304 -
::1 - - [05/Feb/2026 23:03:14] "GET /_next/static/chunks/af78c69164b49c95.js HTTP/1.1" 304 -
::1 - - [05/Feb/2026 23:03:14] "GET /_next/static/chunks/5795df3dd5b77c1a.js HTTP/1.1" 304 -
::1 - - [05/Feb/2026 23:03:14] "GET /_next/static/chunks/9a7908e8bb0f59b7.js HTTP/1.1" 304 -
::1 - - [05/Feb/2026 23:03:14] "GET /_next/static/chunks/63b7ce74710ea28a.js HTTP/1.1" 304 -
::1 - - [05/Feb/2026 23:03:14] "GET /_next/static/chunks/2cc297d9d889b937.js HTTP/1.1" 304 -
::1 - - [05/Feb/2026 23:03:26] "GET /_next/static/chunks/e7341535b8707fbc.js HTTP/1.1" 304 -
::1 - - [05/Feb/2026 23:03:26] "GET /_next/static/chunks/5e6f34683e75dddc.js HTTP/1.1" 304 -
::1 - - [05/Feb/2026 23:03:26] "GET /_next/static/chunks/c68b6eb0955c1f83.js HTTP/1.1" 304 -
::1 - - [05/Feb/2026 23:03:26] "GET /_next/static/chunks/7624174236bc4497.css HTTP/1.1" 304 -
::1 - - [05/Feb/2026 23:03:26] "GET /_next/static/chunks/9ecfbf5169958c55.js HTTP/1.1" 304 -
::1 - - [05/Feb/2026 23:03:26] "GET /_next/static/chunks/15aac59396339d89.js HTTP/1.1" 304 -
::1 - - [05/Feb/2026 23:03:26] "GET /_next/static/chunks/2159dcf9721643d9.js HTTP/1.1" 304 -
::1 - - [05/Feb/2026 23:03:26] "GET /_next/static/chunks/90ffb07d5d0c11b7.js HTTP/1.1" 304 -
::1 - - [05/Feb/2026 23:03:26] "GET /_next/static/chunks/821d15ef82816d37.js HTTP/1.1" 304 -
::1 - - [05/Feb/2026 23:03:26] "GET /_next/static/chunks/b1944275683b7941.js HTTP/1.1" 304 -
::1 - - [05/Feb/2026 23:03:26] "GET /_next/static/chunks/790226ed20f10903.js HTTP/1.1" 304 -
::1 - - [05/Feb/2026 23:03:26] "GET /_next/static/chunks/9e5531af4acb8a71.js HTTP/1.1" 304 -
::1 - - [05/Feb/2026 23:03:26] "GET /_next/static/chunks/9728db589fd82c5b.js HTTP/1.1" 304 -
::1 - - [05/Feb/2026 23:03:26] "GET /_next/static/chunks/2a2c81b4093eda54.js HTTP/1.1" 304 -
::1 - - [05/Feb/2026 23:03:47] "GET / HTTP/1.1" 304 -
::1 - - [05/Feb/2026 23:04:00] "GET /_next/static/media/KaTeX_Math-Italic.d8564edb.woff2 HTTP/1.1" 304 -
::1 - - [05/Feb/2026 23:04:00] "GET /_next/static/media/KaTeX_Main-Regular.12644167.woff2 HTTP/1.1" 304 -
::1 - - [05/Feb/2026 23:04:00] "GET /_next/static/media/KaTeX_Size2-Regular.6a97527b.woff2 HTTP/1.1" 304 -
::1 - - [06/Feb/2026 11:38:57] "GET / HTTP/1.1" 304 -
::1 - - [06/Feb/2026 11:38:57] "GET /_next/static/media/Geist_Variable-s.p.f19e4721.woff2 HTTP/1.1" 304 -
::1 - - [06/Feb/2026 11:38:57] "GET /_next/static/media/GeistMono_Variable.p.73882635.woff2 HTTP/1.1" 304 -
::1 - - [06/Feb/2026 11:38:57] "GET /_next/static/chunks/bdb1963928c5fddc.css HTTP/1.1" 304 -
::1 - - [06/Feb/2026 11:38:57] "GET /_next/static/chunks/a3f9bbc275ab209c.css HTTP/1.1" 304 -
::1 - - [06/Feb/2026 11:38:57] "GET /_next/static/chunks/e40f5e4b6d39e562.js HTTP/1.1" 304 -
::1 - - [06/Feb/2026 11:38:57] "GET /_next/static/chunks/c7b10d2a59f98fd4.js HTTP/1.1" 304 -
::1 - - [06/Feb/2026 11:38:57] "GET /_next/static/chunks/02a4af7d2bd2ca38.js HTTP/1.1" 304 -
::1 - - [06/Feb/2026 11:38:57] "GET /_next/static/chunks/turbopack-c563d7d690b956c1.js HTTP/1.1" 304 -
::1 - - [06/Feb/2026 11:38:57] "GET /_next/static/chunks/a5e67bba9ac85b3d.js HTTP/1.1" 304 -
::1 - - [06/Feb/2026 11:38:57] "GET /_next/static/chunks/381f22656e9e8446.js HTTP/1.1" 304 -
::1 - - [06/Feb/2026 11:38:57] "GET /_next/static/chunks/9465ef8d6453b6f0.js HTTP/1.1" 304 -
::1 - - [06/Feb/2026 11:38:57] "GET /_next/static/chunks/8d3945c9ea1274d1.js HTTP/1.1" 304 -
::1 - - [06/Feb/2026 11:38:57] "GET /_next/static/chunks/3a42008699f66fdf.js HTTP/1.1" 304 -
::1 - - [06/Feb/2026 11:38:57] "GET /_next/static/chunks/8d51be5a4bb87b2f.js HTTP/1.1" 304 -
::1 - - [06/Feb/2026 11:38:57] "GET /_next/static/chunks/8e70a629e4c96314.js HTTP/1.1" 304 -
::1 - - [06/Feb/2026 11:38:57] "GET /_next/static/chunks/b056a15eec95302c.js HTTP/1.1" 304 -
::1 - - [06/Feb/2026 11:38:58] "GET /_next/static/chunks/af78c69164b49c95.js HTTP/1.1" 304 -
::1 - - [06/Feb/2026 11:38:58] "GET /_next/static/chunks/2cc297d9d889b937.js HTTP/1.1" 304 -
::1 - - [06/Feb/2026 11:38:58] "GET /_next/static/chunks/9a7908e8bb0f59b7.js HTTP/1.1" 304 -
::1 - - [06/Feb/2026 11:38:58] "GET /_next/static/chunks/5795df3dd5b77c1a.js HTTP/1.1" 304 -
::1 - - [06/Feb/2026 11:38:58] "GET /_next/static/chunks/ad74bf88388eefa1.js HTTP/1.1" 304 -
::1 - - [06/Feb/2026 11:38:58] "GET /_next/static/chunks/63b7ce74710ea28a.js HTTP/1.1" 304 -
::1 - - [06/Feb/2026 11:39:29] "GET /_next/static/chunks/e7341535b8707fbc.js HTTP/1.1" 304 -
::1 - - [06/Feb/2026 11:39:29] "GET /_next/static/chunks/c68b6eb0955c1f83.js HTTP/1.1" 304 -
::1 - - [06/Feb/2026 11:39:29] "GET /_next/static/chunks/7624174236bc4497.css HTTP/1.1" 304 -
::1 - - [06/Feb/2026 11:39:29] "GET /_next/static/chunks/5e6f34683e75dddc.js HTTP/1.1" 304 -
::1 - - [06/Feb/2026 11:39:29] "GET /_next/static/chunks/15aac59396339d89.js HTTP/1.1" 304 -
::1 - - [06/Feb/2026 11:39:29] "GET /_next/static/chunks/2159dcf9721643d9.js HTTP/1.1" 304 -
::1 - - [06/Feb/2026 11:39:29] "GET /_next/static/chunks/9ecfbf5169958c55.js HTTP/1.1" 304 -
::1 - - [06/Feb/2026 11:39:29] "GET /_next/static/chunks/90ffb07d5d0c11b7.js HTTP/1.1" 304 -
::1 - - [06/Feb/2026 11:39:29] "GET /_next/static/chunks/790226ed20f10903.js HTTP/1.1" 304 -
::1 - - [06/Feb/2026 11:39:29] "GET /_next/static/chunks/b1944275683b7941.js HTTP/1.1" 304 -
::1 - - [06/Feb/2026 11:39:29] "GET /_next/static/chunks/9728db589fd82c5b.js HTTP/1.1" 304 -
::1 - - [06/Feb/2026 11:39:29] "GET /_next/static/chunks/9e5531af4acb8a71.js HTTP/1.1" 304 -
::1 - - [06/Feb/2026 11:39:29] "GET /_next/static/chunks/821d15ef82816d37.js HTTP/1.1" 304 -
::1 - - [06/Feb/2026 11:39:29] "GET /_next/static/chunks/2a2c81b4093eda54.js HTTP/1.1" 304 -
::1 - - [06/Feb/2026 11:39:30] "GET /_next/static/media/KaTeX_Math-Italic.d8564edb.woff2 HTTP/1.1" 304 -
::1 - - [06/Feb/2026 11:39:30] "GET /_next/static/media/KaTeX_Main-Regular.12644167.woff2 HTTP/1.1" 304 -
::1 - - [06/Feb/2026 11:39:30] "GET /_next/static/media/KaTeX_Size2-Regular.6a97527b.woff2 HTTP/1.1" 304 -
::1 - - [06/Feb/2026 11:41:44] "GET / HTTP/1.1" 304 -
::1 - - [06/Feb/2026 11:41:46] "GET / HTTP/1.1" 200 -
::1 - - [06/Feb/2026 11:41:46] "GET /_next/static/media/GeistMono_Variable.p.73882635.woff2 HTTP/1.1" 200 -
::1 - - [06/Feb/2026 11:41:46] "GET /_next/static/chunks/bdb1963928c5fddc.css HTTP/1.1" 200 -
::1 - - [06/Feb/2026 11:41:46] "GET /_next/static/chunks/a3f9bbc275ab209c.css HTTP/1.1" 200 -
::1 - - [06/Feb/2026 11:41:46] "GET /_next/static/media/Geist_Variable-s.p.f19e4721.woff2 HTTP/1.1" 200 -
::1 - - [06/Feb/2026 11:41:46] "GET /_next/static/chunks/a5e67bba9ac85b3d.js HTTP/1.1" 200 -
::1 - - [06/Feb/2026 11:41:46] "GET /_next/static/chunks/c7b10d2a59f98fd4.js HTTP/1.1" 200 -
::1 - - [06/Feb/2026 11:41:46] "GET /_next/static/chunks/e40f5e4b6d39e562.js HTTP/1.1" 200 -
::1 - - [06/Feb/2026 11:41:46] "GET /_next/static/chunks/b056a15eec95302c.js HTTP/1.1" 200 -
::1 - - [06/Feb/2026 11:41:46] "GET /_next/static/chunks/02a4af7d2bd2ca38.js HTTP/1.1" 200 -
::1 - - [06/Feb/2026 11:41:46] "GET /_next/static/chunks/turbopack-c563d7d690b956c1.js HTTP/1.1" 200 -
::1 - - [06/Feb/2026 11:41:46] "GET /_next/static/chunks/8d3945c9ea1274d1.js HTTP/1.1" 200 -
::1 - - [06/Feb/2026 11:41:46] "GET /_next/static/chunks/9465ef8d6453b6f0.js HTTP/1.1" 200 -
::1 - - [06/Feb/2026 11:41:46] "GET /_next/static/chunks/8d51be5a4bb87b2f.js HTTP/1.1" 200 -
::1 - - [06/Feb/2026 11:41:46] "GET /_next/static/chunks/381f22656e9e8446.js HTTP/1.1" 200 -
::1 - - [06/Feb/2026 11:41:46] "GET /_next/static/chunks/3a42008699f66fdf.js HTTP/1.1" 200 -
::1 - - [06/Feb/2026 11:41:46] "GET /_next/static/chunks/8e70a629e4c96314.js HTTP/1.1" 200 -
::1 - - [06/Feb/2026 11:41:46] "GET /favicon.png HTTP/1.1" 200 -
::1 - - [06/Feb/2026 11:43:29] "GET /_next/static/media/KaTeX_Math-Italic.d8564edb.woff2 HTTP/1.1" 200 -
::1 - - [06/Feb/2026 11:43:29] "GET /_next/static/media/KaTeX_Main-Regular.12644167.woff2 HTTP/1.1" 200 -
::1 - - [06/Feb/2026 11:43:54] "GET /_next/static/media/KaTeX_Size2-Regular.6a97527b.woff2 HTTP/1.1" 200 -
::1 - - [06/Feb/2026 11:43:59] "GET /_next/static/media/KaTeX_Size1-Regular.4450ef36.woff2 HTTP/1.1" 200 -
::1 - - [06/Feb/2026 11:54:27] "GET / HTTP/1.1" 304 -
::1 - - [06/Feb/2026 11:54:49] "GET / HTTP/1.1" 304 -
::1 - - [06/Feb/2026 11:55:33] "GET /_next/static/chunks/6c39506aa7536a89.css HTTP/1.1" 200 -
::1 - - [06/Feb/2026 11:55:33] "GET /_next/static/chunks/44b003168ef03720.js HTTP/1.1" 200 -
::1 - - [06/Feb/2026 11:55:34] "GET /_next/static/chunks/4411e6a9d61b8b7b.js HTTP/1.1" 200 -
::1 - - [06/Feb/2026 11:56:00] "GET / HTTP/1.1" 200 -
::1 - - [06/Feb/2026 11:56:00] "GET /_next/static/media/GeistMono_Variable.p.73882635.woff2 HTTP/1.1" 200 -
::1 - - [06/Feb/2026 11:56:00] "GET /_next/static/chunks/a3f9bbc275ab209c.css HTTP/1.1" 200 -
::1 - - [06/Feb/2026 11:56:00] "GET /_next/static/chunks/bdb1963928c5fddc.css HTTP/1.1" 200 -
::1 - - [06/Feb/2026 11:56:00] "GET /_next/static/media/Geist_Variable-s.p.f19e4721.woff2 HTTP/1.1" 200 -
::1 - - [06/Feb/2026 11:56:00] "GET /_next/static/chunks/a5e67bba9ac85b3d.js HTTP/1.1" 200 -
::1 - - [06/Feb/2026 11:56:00] "GET /_next/static/chunks/b056a15eec95302c.js HTTP/1.1" 200 -
::1 - - [06/Feb/2026 11:56:00] "GET /_next/static/chunks/e40f5e4b6d39e562.js HTTP/1.1" 200 -
::1 - - [06/Feb/2026 11:56:00] "GET /_next/static/chunks/02a4af7d2bd2ca38.js HTTP/1.1" 200 -
::1 - - [06/Feb/2026 11:56:00] "GET /_next/static/chunks/c7b10d2a59f98fd4.js HTTP/1.1" 200 -
::1 - - [06/Feb/2026 11:56:00] "GET /_next/static/chunks/turbopack-c563d7d690b956c1.js HTTP/1.1" 200 -
::1 - - [06/Feb/2026 11:56:00] "GET /_next/static/chunks/8d3945c9ea1274d1.js HTTP/1.1" 200 -
::1 - - [06/Feb/2026 11:56:00] "GET /_next/static/chunks/8d51be5a4bb87b2f.js HTTP/1.1" 200 -
::1 - - [06/Feb/2026 11:56:00] "GET /_next/static/chunks/381f22656e9e8446.js HTTP/1.1" 200 -
::1 - - [06/Feb/2026 11:56:00] "GET /_next/static/chunks/9465ef8d6453b6f0.js HTTP/1.1" 200 -
::1 - - [06/Feb/2026 11:56:00] "GET /_next/static/chunks/3a42008699f66fdf.js HTTP/1.1" 200 -
::1 - - [06/Feb/2026 11:56:00] "GET /_next/static/chunks/8e70a629e4c96314.js HTTP/1.1" 200 -
::1 - - [06/Feb/2026 11:56:00] "GET /favicon.png HTTP/1.1" 200 -
::1 - - [06/Feb/2026 12:02:16] "GET / HTTP/1.1" 304 -
::1 - - [06/Feb/2026 12:02:19] "GET / HTTP/1.1" 200 -
::1 - - [06/Feb/2026 12:02:19] "GET /_next/static/media/GeistMono_Variable.p.73882635.woff2 HTTP/1.1" 200 -
::1 - - [06/Feb/2026 12:02:19] "GET /_next/static/chunks/a3f9bbc275ab209c.css HTTP/1.1" 200 -
::1 - - [06/Feb/2026 12:02:19] "GET /_next/static/chunks/bdb1963928c5fddc.css HTTP/1.1" 200 -
::1 - - [06/Feb/2026 12:02:19] "GET /_next/static/media/Geist_Variable-s.p.f19e4721.woff2 HTTP/1.1" 200 -
::1 - - [06/Feb/2026 12:02:19] "GET /_next/static/chunks/e40f5e4b6d39e562.js HTTP/1.1" 200 -
::1 - - [06/Feb/2026 12:02:19] "GET /_next/static/chunks/a5e67bba9ac85b3d.js HTTP/1.1" 200 -
::1 - - [06/Feb/2026 12:02:19] "GET /_next/static/chunks/b056a15eec95302c.js HTTP/1.1" 200 -
::1 - - [06/Feb/2026 12:02:19] "GET /_next/static/chunks/turbopack-c563d7d690b956c1.js HTTP/1.1" 200 -
::1 - - [06/Feb/2026 12:02:19] "GET /_next/static/chunks/c7b10d2a59f98fd4.js HTTP/1.1" 200 -
::1 - - [06/Feb/2026 12:02:19] "GET /_next/static/chunks/02a4af7d2bd2ca38.js HTTP/1.1" 200 -
::1 - - [06/Feb/2026 12:02:19] "GET /_next/static/chunks/8d3945c9ea1274d1.js HTTP/1.1" 200 -
::1 - - [06/Feb/2026 12:02:19] "GET /_next/static/chunks/8d51be5a4bb87b2f.js HTTP/1.1" 200 -
::1 - - [06/Feb/2026 12:02:19] "GET /_next/static/chunks/8e70a629e4c96314.js HTTP/1.1" 200 -
::1 - - [06/Feb/2026 12:02:19] "GET /_next/static/chunks/9465ef8d6453b6f0.js HTTP/1.1" 200 -
::1 - - [06/Feb/2026 12:02:19] "GET /_next/static/chunks/3a42008699f66fdf.js HTTP/1.1" 200 -
::1 - - [06/Feb/2026 12:02:19] "GET /_next/static/chunks/381f22656e9e8446.js HTTP/1.1" 200 -
::1 - - [06/Feb/2026 12:02:19] "GET /favicon.png HTTP/1.1" 200 -
::1 - - [06/Feb/2026 13:39:32] "GET / HTTP/1.1" 304 -
::1 - - [06/Feb/2026 13:39:32] "GET /_next/static/media/Geist_Variable-s.p.f19e4721.woff2 HTTP/1.1" 304 -
::1 - - [06/Feb/2026 13:39:32] "GET /_next/static/chunks/bdb1963928c5fddc.css HTTP/1.1" 304 -
::1 - - [06/Feb/2026 13:39:32] "GET /_next/static/chunks/a3f9bbc275ab209c.css HTTP/1.1" 304 -
::1 - - [06/Feb/2026 13:39:32] "GET /_next/static/media/GeistMono_Variable.p.73882635.woff2 HTTP/1.1" 304 -
::1 - - [06/Feb/2026 13:39:32] "GET /_next/static/chunks/turbopack-c563d7d690b956c1.js HTTP/1.1" 304 -
::1 - - [06/Feb/2026 13:39:32] "GET /_next/static/chunks/02a4af7d2bd2ca38.js HTTP/1.1" 304 -
::1 - - [06/Feb/2026 13:39:32] "GET /_next/static/chunks/a5e67bba9ac85b3d.js HTTP/1.1" 304 -
::1 - - [06/Feb/2026 13:39:32] "GET /_next/static/chunks/b056a15eec95302c.js HTTP/1.1" 304 -
::1 - - [06/Feb/2026 13:39:32] "GET /_next/static/chunks/c7b10d2a59f98fd4.js HTTP/1.1" 304 -
::1 - - [06/Feb/2026 13:39:32] "GET /_next/static/chunks/e40f5e4b6d39e562.js HTTP/1.1" 304 -
::1 - - [06/Feb/2026 13:39:32] "GET /_next/static/chunks/8d3945c9ea1274d1.js HTTP/1.1" 304 -
::1 - - [06/Feb/2026 13:39:32] "GET /_next/static/chunks/8d51be5a4bb87b2f.js HTTP/1.1" 304 -
::1 - - [06/Feb/2026 13:39:32] "GET /_next/static/chunks/9465ef8d6453b6f0.js HTTP/1.1" 304 -
::1 - - [06/Feb/2026 13:39:32] "GET /_next/static/chunks/381f22656e9e8446.js HTTP/1.1" 304 -
::1 - - [06/Feb/2026 13:39:32] "GET /_next/static/chunks/8e70a629e4c96314.js HTTP/1.1" 304 -
::1 - - [06/Feb/2026 13:39:32] "GET /_next/static/chunks/3a42008699f66fdf.js HTTP/1.1" 304 -
::1 - - [06/Feb/2026 13:39:33] "GET /_next/static/chunks/af78c69164b49c95.js HTTP/1.1" 304 -
::1 - - [06/Feb/2026 13:39:33] "GET /_next/static/chunks/ad74bf88388eefa1.js HTTP/1.1" 304 -
::1 - - [06/Feb/2026 13:39:33] "GET /_next/static/chunks/5795df3dd5b77c1a.js HTTP/1.1" 304 -
::1 - - [06/Feb/2026 13:39:33] "GET /_next/static/chunks/9a7908e8bb0f59b7.js HTTP/1.1" 304 -
::1 - - [06/Feb/2026 13:39:33] "GET /_next/static/chunks/2cc297d9d889b937.js HTTP/1.1" 304 -
::1 - - [06/Feb/2026 13:39:33] "GET /_next/static/chunks/63b7ce74710ea28a.js HTTP/1.1" 304 -
::1 - - [06/Feb/2026 13:40:02] "GET / HTTP/1.1" 304 -
::1 - - [06/Feb/2026 13:40:04] "GET / HTTP/1.1" 304 -
::1 - - [06/Feb/2026 13:40:06] "GET / HTTP/1.1" 200 -
::1 - - [06/Feb/2026 13:40:06] "GET /_next/static/media/GeistMono_Variable.p.73882635.woff2 HTTP/1.1" 200 -
::1 - - [06/Feb/2026 13:40:06] "GET /_next/static/chunks/a3f9bbc275ab209c.css HTTP/1.1" 200 -
::1 - - [06/Feb/2026 13:40:06] "GET /_next/static/chunks/bdb1963928c5fddc.css HTTP/1.1" 200 -
::1 - - [06/Feb/2026 13:40:06] "GET /_next/static/media/Geist_Variable-s.p.f19e4721.woff2 HTTP/1.1" 200 -
::1 - - [06/Feb/2026 13:40:06] "GET /_next/static/chunks/a5e67bba9ac85b3d.js HTTP/1.1" 200 -
::1 - - [06/Feb/2026 13:40:06] "GET /_next/static/chunks/b056a15eec95302c.js HTTP/1.1" 200 -
::1 - - [06/Feb/2026 13:40:06] "GET /_next/static/chunks/e40f5e4b6d39e562.js HTTP/1.1" 200 -
::1 - - [06/Feb/2026 13:40:06] "GET /_next/static/chunks/turbopack-c563d7d690b956c1.js HTTP/1.1" 200 -
::1 - - [06/Feb/2026 13:40:06] "GET /_next/static/chunks/c7b10d2a59f98fd4.js HTTP/1.1" 200 -
::1 - - [06/Feb/2026 13:40:06] "GET /_next/static/chunks/02a4af7d2bd2ca38.js HTTP/1.1" 200 -
::1 - - [06/Feb/2026 13:40:06] "GET /_next/static/chunks/8d3945c9ea1274d1.js HTTP/1.1" 200 -
::1 - - [06/Feb/2026 13:40:06] "GET /_next/static/chunks/9465ef8d6453b6f0.js HTTP/1.1" 200 -
::1 - - [06/Feb/2026 13:40:06] "GET /_next/static/chunks/8d51be5a4bb87b2f.js HTTP/1.1" 200 -
::1 - - [06/Feb/2026 13:40:06] "GET /_next/static/chunks/3a42008699f66fdf.js HTTP/1.1" 200 -
::1 - - [06/Feb/2026 13:40:06] "GET /_next/static/chunks/381f22656e9e8446.js HTTP/1.1" 200 -
::1 - - [06/Feb/2026 13:40:06] "GET /_next/static/chunks/8e70a629e4c96314.js HTTP/1.1" 200 -
::1 - - [06/Feb/2026 13:40:06] "GET /favicon.png HTTP/1.1" 200 -
::1 - - [06/Feb/2026 13:45:37] "GET /_next/static/chunks/47eb479944dc7927.js HTTP/1.1" 200 -
::1 - - [06/Feb/2026 13:55:48] "GET / HTTP/1.1" 200 -
::1 - - [06/Feb/2026 13:55:48] "GET /_next/static/chunks/d886713d48ff3b62.css HTTP/1.1" 200 -
::1 - - [06/Feb/2026 13:55:49] "GET /_next/static/chunks/051f571cff13f79c.js HTTP/1.1" 200 -
::1 - - [06/Feb/2026 13:55:49] "GET /_next/static/chunks/d3c4a09b58f738a2.js HTTP/1.1" 200 -
::1 - - [06/Feb/2026 13:55:49] "GET /_next/static/chunks/b90c09cc12551c5a.js HTTP/1.1" 200 -
::1 - - [06/Feb/2026 13:55:49] "GET /_next/static/chunks/56c046068d0c2065.js HTTP/1.1" 200 -
::1 - - [06/Feb/2026 13:55:49] "GET /_next/static/chunks/f39b24fef8ee04aa.js HTTP/1.1" 200 -
::1 - - [06/Feb/2026 13:55:49] "GET /_next/static/chunks/0e43b15705fbe47f.js HTTP/1.1" 200 -
::1 - - [06/Feb/2026 13:55:52] "GET / HTTP/1.1" 200 -
::1 - - [06/Feb/2026 13:55:52] "GET /_next/static/chunks/a3f9bbc275ab209c.css HTTP/1.1" 200 -
::1 - - [06/Feb/2026 13:55:52] "GET /_next/static/chunks/d886713d48ff3b62.css HTTP/1.1" 200 -
::1 - - [06/Feb/2026 13:55:52] "GET /_next/static/media/GeistMono_Variable.p.73882635.woff2 HTTP/1.1" 200 -
::1 - - [06/Feb/2026 13:55:52] "GET /_next/static/media/Geist_Variable-s.p.f19e4721.woff2 HTTP/1.1" 200 -
::1 - - [06/Feb/2026 13:55:52] "GET /_next/static/chunks/turbopack-c563d7d690b956c1.js HTTP/1.1" 200 -
::1 - - [06/Feb/2026 13:55:52] "GET /_next/static/chunks/e40f5e4b6d39e562.js HTTP/1.1" 200 -
::1 - - [06/Feb/2026 13:55:52] "GET /_next/static/chunks/c7b10d2a59f98fd4.js HTTP/1.1" 200 -
::1 - - [06/Feb/2026 13:55:52] "GET /_next/static/chunks/a5e67bba9ac85b3d.js HTTP/1.1" 200 -
::1 - - [06/Feb/2026 13:55:52] "GET /_next/static/chunks/d3c4a09b58f738a2.js HTTP/1.1" 200 -
::1 - - [06/Feb/2026 13:55:52] "GET /_next/static/chunks/02a4af7d2bd2ca38.js HTTP/1.1" 200 -
::1 - - [06/Feb/2026 13:55:52] "GET /_next/static/chunks/b056a15eec95302c.js HTTP/1.1" 200 -
::1 - - [06/Feb/2026 13:55:52] "GET /_next/static/chunks/051f571cff13f79c.js HTTP/1.1" 200 -
::1 - - [06/Feb/2026 13:55:52] "GET /_next/static/chunks/8d3945c9ea1274d1.js HTTP/1.1" 200 -
::1 - - [06/Feb/2026 13:55:52] "GET /_next/static/chunks/381f22656e9e8446.js HTTP/1.1" 200 -
::1 - - [06/Feb/2026 13:55:52] "GET /_next/static/chunks/8d51be5a4bb87b2f.js HTTP/1.1" 200 -
::1 - - [06/Feb/2026 13:55:52] "GET /_next/static/chunks/8e70a629e4c96314.js HTTP/1.1" 200 -
::1 - - [06/Feb/2026 13:55:53] "GET /favicon.png HTTP/1.1" 200 -
::1 - - [06/Feb/2026 13:55:54] "GET / HTTP/1.1" 200 -
::1 - - [06/Feb/2026 13:55:54] "GET /_next/static/media/GeistMono_Variable.p.73882635.woff2 HTTP/1.1" 200 -
::1 - - [06/Feb/2026 13:55:54] "GET /_next/static/chunks/a3f9bbc275ab209c.css HTTP/1.1" 200 -
::1 - - [06/Feb/2026 13:55:54] "GET /_next/static/chunks/d886713d48ff3b62.css HTTP/1.1" 200 -
::1 - - [06/Feb/2026 13:55:54] "GET /_next/static/media/Geist_Variable-s.p.f19e4721.woff2 HTTP/1.1" 200 -
::1 - - [06/Feb/2026 13:55:54] "GET /_next/static/chunks/e40f5e4b6d39e562.js HTTP/1.1" 200 -
::1 - - [06/Feb/2026 13:55:54] "GET /_next/static/chunks/a5e67bba9ac85b3d.js HTTP/1.1" 200 -
::1 - - [06/Feb/2026 13:55:54] "GET /_next/static/chunks/b056a15eec95302c.js HTTP/1.1" 200 -
::1 - - [06/Feb/2026 13:55:54] "GET /_next/static/chunks/turbopack-c563d7d690b956c1.js HTTP/1.1" 200 -
::1 - - [06/Feb/2026 13:55:54] "GET /_next/static/chunks/c7b10d2a59f98fd4.js HTTP/1.1" 200 -
::1 - - [06/Feb/2026 13:55:54] "GET /_next/static/chunks/02a4af7d2bd2ca38.js HTTP/1.1" 200 -
::1 - - [06/Feb/2026 13:55:54] "GET /_next/static/chunks/8d3945c9ea1274d1.js HTTP/1.1" 200 -
::1 - - [06/Feb/2026 13:55:54] "GET /_next/static/chunks/8d51be5a4bb87b2f.js HTTP/1.1" 200 -
::1 - - [06/Feb/2026 13:55:54] "GET /_next/static/chunks/d3c4a09b58f738a2.js HTTP/1.1" 200 -
::1 - - [06/Feb/2026 13:55:54] "GET /_next/static/chunks/381f22656e9e8446.js HTTP/1.1" 200 -
::1 - - [06/Feb/2026 13:55:54] "GET /_next/static/chunks/8e70a629e4c96314.js HTTP/1.1" 200 -
::1 - - [06/Feb/2026 13:55:54] "GET /_next/static/chunks/051f571cff13f79c.js HTTP/1.1" 200 -
::1 - - [06/Feb/2026 13:55:54] "GET /favicon.png HTTP/1.1" 200 -
::1 - - [06/Feb/2026 13:56:12] "GET / HTTP/1.1" 304 -
::1 - - [06/Feb/2026 13:56:22] "GET /_next/static/chunks/54728cd8abcd7f78.js HTTP/1.1" 200 -
::1 - - [06/Feb/2026 13:56:22] "GET /_next/static/chunks/c68b6eb0955c1f83.js HTTP/1.1" 200 -
::1 - - [06/Feb/2026 13:56:22] "GET /_next/static/chunks/5e6f34683e75dddc.js HTTP/1.1" 200 -
::1 - - [06/Feb/2026 13:56:22] "GET /_next/static/chunks/7624174236bc4497.css HTTP/1.1" 200 -
::1 - - [06/Feb/2026 13:56:22] "GET /_next/static/chunks/15aac59396339d89.js HTTP/1.1" 200 -
::1 - - [06/Feb/2026 13:56:22] "GET /_next/static/chunks/9ecfbf5169958c55.js HTTP/1.1" 200 -
::1 - - [06/Feb/2026 13:56:22] "GET /_next/static/chunks/90ffb07d5d0c11b7.js HTTP/1.1" 200 -
::1 - - [06/Feb/2026 13:56:22] "GET /_next/static/chunks/2159dcf9721643d9.js HTTP/1.1" 200 -
::1 - - [06/Feb/2026 13:56:22] "GET /_next/static/chunks/b1944275683b7941.js HTTP/1.1" 200 -
::1 - - [06/Feb/2026 13:56:22] "GET /_next/static/chunks/821d15ef82816d37.js HTTP/1.1" 200 -
::1 - - [06/Feb/2026 13:56:22] "GET /_next/static/chunks/9e5531af4acb8a71.js HTTP/1.1" 200 -
::1 - - [06/Feb/2026 13:56:22] "GET /_next/static/chunks/9728db589fd82c5b.js HTTP/1.1" 200 -
::1 - - [06/Feb/2026 13:56:22] "GET /_next/static/chunks/7c16866f49d17170.js HTTP/1.1" 200 -
::1 - - [06/Feb/2026 13:56:22] "GET /_next/static/chunks/2a2c81b4093eda54.js HTTP/1.1" 200 -
::1 - - [07/Feb/2026 15:05:48] "GET / HTTP/1.1" 200 -
::1 - - [07/Feb/2026 17:23:08] "GET / HTTP/1.1" 200 -
::1 - - [07/Feb/2026 17:23:08] "GET /_next/static/media/GeistMono_Variable.p.73882635.woff2 HTTP/1.1" 200 -
::1 - - [07/Feb/2026 17:23:08] "GET /_next/static/media/Geist_Variable-s.p.f19e4721.woff2 HTTP/1.1" 200 -
::1 - - [07/Feb/2026 17:23:08] "GET /_next/static/chunks/a3f9bbc275ab209c.css HTTP/1.1" 200 -
::1 - - [07/Feb/2026 17:23:09] "GET /_next/static/chunks/e44fe21b85e384c4.css HTTP/1.1" 200 -
::1 - - [07/Feb/2026 17:23:09] "GET /_next/static/chunks/c7b10d2a59f98fd4.js HTTP/1.1" 200 -
::1 - - [07/Feb/2026 17:23:09] "GET /_next/static/chunks/2ce200dfe2b0c75c.js HTTP/1.1" 200 -
::1 - - [07/Feb/2026 17:23:09] "GET /_next/static/chunks/4140f791c23980ab.js HTTP/1.1" 200 -
::1 - - [07/Feb/2026 17:23:09] "GET /_next/static/chunks/45e1c455c84d474e.js HTTP/1.1" 200 -
::1 - - [07/Feb/2026 17:23:09] "GET /_next/static/chunks/turbopack-524ee0f4afce590d.js HTTP/1.1" 200 -
::1 - - [07/Feb/2026 17:23:09] "GET /_next/static/chunks/b056a15eec95302c.js HTTP/1.1" 200 -
::1 - - [07/Feb/2026 17:23:09] "GET /_next/static/chunks/baba5dd33f93075b.js HTTP/1.1" 200 -
::1 - - [07/Feb/2026 17:23:09] "GET /_next/static/chunks/8d3945c9ea1274d1.js HTTP/1.1" 200 -
::1 - - [07/Feb/2026 17:23:09] "GET /_next/static/chunks/86ca0d097804d4ae.js HTTP/1.1" 200 -
::1 - - [07/Feb/2026 17:23:09] "GET /_next/static/chunks/381f22656e9e8446.js HTTP/1.1" 200 -
::1 - - [07/Feb/2026 17:23:09] "GET /_next/static/chunks/8d51be5a4bb87b2f.js HTTP/1.1" 200 -
::1 - - [07/Feb/2026 17:23:09] "GET /_next/static/chunks/f140183199d5b735.js HTTP/1.1" 200 -
::1 - - [07/Feb/2026 17:23:09] "GET /_next/static/chunks/19b8ca029bc9f926.js HTTP/1.1" 200 -
::1 - - [07/Feb/2026 17:23:09] "GET /_next/static/chunks/efd8831d38809532.js HTTP/1.1" 200 -
::1 - - [07/Feb/2026 17:23:09] "GET /_next/static/chunks/b15f7b67adf7dfe2.js HTTP/1.1" 200 -
::1 - - [07/Feb/2026 17:23:09] "GET /_next/static/chunks/7557d391234a4072.js HTTP/1.1" 200 -
::1 - - [07/Feb/2026 17:23:09] "GET /_next/static/chunks/2f1e0274ec84b973.js HTTP/1.1" 200 -
::1 - - [07/Feb/2026 17:23:09] "GET /_next/static/chunks/4eb6cfa6fd350b8f.js HTTP/1.1" 200 -
::1 - - [07/Feb/2026 17:23:09] "GET /_next/static/chunks/57cc2ba737b627c9.js HTTP/1.1" 200 -
::1 - - [07/Feb/2026 17:23:09] "GET /_next/static/chunks/bcaf60ef85114b3c.js HTTP/1.1" 200 -
::1 - - [07/Feb/2026 17:23:10] "GET /_next/static/chunks/cb9c2117db598fc1.js HTTP/1.1" 200 -
::1 - - [07/Feb/2026 17:23:10] "GET /_next/static/chunks/38c95a79d3d888c0.js HTTP/1.1" 200 -
::1 - - [07/Feb/2026 17:23:10] "GET /_next/static/chunks/31047e03307fc6aa.js HTTP/1.1" 200 -
::1 - - [07/Feb/2026 17:23:45] "GET /_next/static/chunks/2b0341ce932016fd.js HTTP/1.1" 200 -
::1 - - [07/Feb/2026 17:23:45] "GET /_next/static/chunks/c68b6eb0955c1f83.js HTTP/1.1" 200 -
::1 - - [07/Feb/2026 17:23:45] "GET /_next/static/chunks/5f85138537873278.js HTTP/1.1" 200 -
::1 - - [07/Feb/2026 17:23:45] "GET /_next/static/chunks/9ecfbf5169958c55.js HTTP/1.1" 200 -
::1 - - [07/Feb/2026 17:23:45] "GET /_next/static/chunks/15aac59396339d89.js HTTP/1.1" 200 -
::1 - - [07/Feb/2026 17:23:45] "GET /_next/static/chunks/7624174236bc4497.css HTTP/1.1" 200 -
::1 - - [07/Feb/2026 17:23:45] "GET /_next/static/chunks/90ffb07d5d0c11b7.js HTTP/1.1" 200 -
::1 - - [07/Feb/2026 17:23:45] "GET /_next/static/chunks/2159dcf9721643d9.js HTTP/1.1" 200 -
::1 - - [07/Feb/2026 17:23:45] "GET /_next/static/chunks/9e5531af4acb8a71.js HTTP/1.1" 200 -
::1 - - [07/Feb/2026 17:23:45] "GET /_next/static/chunks/07395a6e00d6f25a.js HTTP/1.1" 200 -
::1 - - [07/Feb/2026 17:23:45] "GET /_next/static/chunks/b86ad0e69007dd3c.js HTTP/1.1" 200 -
::1 - - [07/Feb/2026 17:23:45] "GET /_next/static/chunks/9728db589fd82c5b.js HTTP/1.1" 200 -
::1 - - [07/Feb/2026 17:23:45] "GET /_next/static/chunks/1a60fe2d0f6b1dae.js HTTP/1.1" 200 -
::1 - - [07/Feb/2026 17:23:45] "GET /_next/static/chunks/2a2c81b4093eda54.js HTTP/1.1" 200 -
