[   30936ms] [WARNING] [plugins] Failed to load plugin from OPFS, falling back NotFoundError: A requested file or directory could not be found at the time an operation was processed. @ http://localhost:3000/_next/static/chunks/e5c4dad60cd9ce23.js:0
[   30939ms] [WARNING] [plugins] Failed to load plugin from OPFS, falling back NotFoundError: A requested file or directory could not be found at the time an operation was processed. @ http://localhost:3000/_next/static/chunks/e5c4dad60cd9ce23.js:0
[   33926ms] [WARNING] The resource http://localhost:3000/_next/static/media/GeistMono_Variable.p.73882635.woff2 was preloaded using link preload but not used within a few seconds from the window's load event. Please make sure it has an appropriate `as` value and it is preloaded intentionally. @ http://localhost:3000/:0
[   33926ms] [WARNING] The resource http://localhost:3000/_next/static/media/Geist_Variable-s.p.f19e4721.woff2 was preloaded using link preload but not used within a few seconds from the window's load event. Please make sure it has an appropriate `as` value and it is preloaded intentionally. @ http://localhost:3000/:0
[   68060ms] [ERROR] Error: Minified React error #185; visit https://react.dev/errors/185 for the full message or use the non-minified dev environment for full errors and additional helpful warnings.
    at rm (http://localhost:3000/_next/static/chunks/b056a15eec95302c.js:1:35791)
    at rf (http://localhost:3000/_next/static/chunks/b056a15eec95302c.js:1:35315)
    at ov (http://localhost:3000/_next/static/chunks/b056a15eec95302c.js:1:68024)
    at og (http://localhost:3000/_next/static/chunks/b056a15eec95302c.js:1:67627)
    at Object.registerPanel (http://localhost:3000/_next/static/chunks/3dc4ec94994ac8ef.js:1:749)
    at http://localhost:3000/_next/static/chunks/3dc4ec94994ac8ef.js:1:1451
    at ih (http://localhost:3000/_next/static/chunks/b056a15eec95302c.js:1:95578)
    at uf (http://localhost:3000/_next/static/chunks/b056a15eec95302c.js:1:119428)
    at uc (http://localhost:3000/_next/static/chunks/b056a15eec95302c.js:1:119090)
    at uf (http://localhost:3000/_next/static/chunks/b056a15eec95302c.js:1:119473) @ http://localhost:3000/_next/static/chunks/45e1c455c84d474e.js:0
[   68061ms] [ERROR] [App Error] Error: Minified React error #185; visit https://react.dev/errors/185 for the full message or use the non-minified dev environment for full errors and additional helpful warnings.
    at rm (http://localhost:3000/_next/static/chunks/b056a15eec95302c.js:1:35791)
    at rf (http://localhost:3000/_next/static/chunks/b056a15eec95302c.js:1:35315)
    at ov (http://localhost:3000/_next/static/chunks/b056a15eec95302c.js:1:68024)
    at og (http://localhost:3000/_next/static/chunks/b056a15eec95302c.js:1:67627)
    at Object.registerPanel (http://localhost:3000/_next/static/chunks/3dc4ec94994ac8ef.js:1:749)
    at http://localhost:3000/_next/static/chunks/3dc4ec94994ac8ef.js:1:1451
    at ih (http://localhost:3000/_next/static/chunks/b056a15eec95302c.js:1:95578)
    at uf (http://localhost:3000/_next/static/chunks/b056a15eec95302c.js:1:119428)
    at uc (http://localhost:3000/_next/static/chunks/b056a15eec95302c.js:1:119090)
    at uf (http://localhost:3000/_next/static/chunks/b056a15eec95302c.js:1:119473) @ http://localhost:3000/_next/static/chunks/f140183199d5b735.js:0
[   71081ms] [WARNING] The resource http://localhost:3000/_next/static/media/GeistMono_Variable.p.73882635.woff2 was preloaded using link preload but not used within a few seconds from the window's load event. Please make sure it has an appropriate `as` value and it is preloaded intentionally. @ http://localhost:3000/:0
[   71081ms] [WARNING] The resource http://localhost:3000/_next/static/media/Geist_Variable-s.p.f19e4721.woff2 was preloaded using link preload but not used within a few seconds from the window's load event. Please make sure it has an appropriate `as` value and it is preloaded intentionally. @ http://localhost:3000/:0
